<?xml version="1.0" encoding="UTF-8"?>
<testsuite name="SessionTest" tests="1" skipped="0" failures="0" errors="0" timestamp="2015-07-29T19:58:02" hostname="aramirez2-mac.local" time="1.152">
  <properties/>
  <testcase name="beginChatSendMessage" classname="SessionTest" time="1.152"/>
  <system-out><![CDATA[15:58:02.689 [Test worker] DEBUG VisitHandler - <sendVisitRequest> postBody {"device_id":"286c5550ba06df78","extras":{"detected_settings":{"tz_offset":"-25200","locale":"en_US"}},"device_type":"unknown Android SDK built for x86","language":"en","strings_hash":"38ceb8450c28f8adbe48ee71ae01e744","platform":"Android","platform_version":"21","skill":"mobile","sdk_version":"0.0.1","site_id":"P36511428","app_id":"com.liveperson.mobile.ecosmart-P36511428","branding_md5":"e3fa6750a0c2e557342831924e6d39d4","platform_release":"5.0.2"}
15:58:03.346 [Test worker] DEBUG VisitHandler - <sendVisitRequest> httpResponse HTTP/1.1 201 Created [Date: Wed, 29 Jul 2015 19:57:56 GMT, Content-Type: application/json, Content-Length: 907, Connection: keep-alive, Access-Control-Allow-Origin: *, Cache-Control: no-cache, no-store, must-revalidate, Pragma: no-cache, Expires: 0]
15:58:03.355 [Test worker] DEBUG VisitHandler - <launch> response_code 201
15:58:03.515 [Test worker] DEBUG ChatConnectionHandler - <IntroSuccessful>
15:58:03.520 [Test worker] DEBUG ChatConnectionHandler - <sendIntroRequest> Headers secret-token=088240ECDF560DFADA8119894D57E323C8F03437445A37; Version=1; Path=/
15:58:03.521 [Test worker] DEBUG ChatConnectionHandler - <openSseChatConnection> sseURL https://dispatch.staging.look.io/api/v2/chat/sse/d6213ff66bb6edaa4d0bb58ebc5fc096
15:58:03.532 [Test worker] DEBUG ChatConnectionHandler - <chatConnected>
15:58:03.609 [Test worker] DEBUG ChatConnectionHandler - <sendLinePostReqeust> url https://dispatch.staging.look.io/api/v2/chat/line/d6213ff66bb6edaa4d0bb58ebc5fc096
15:58:03.609 [Test worker] DEBUG ChatConnectionHandler - <CookieHeader>secret-token=088240ECDF560DFADA8119894D57E323C8F03437445A37; Version=1; Path=/
15:58:03.746 [Test worker] DEBUG ChatConnectionHandler - <sendLinePostReqeust> sendLinePostReqeust HTTP/1.1 200 OK [Date: Wed, 29 Jul 2015 19:57:56 GMT, Content-Type: application/json, Content-Length: 0, Connection: keep-alive, Access-Control-Allow-Origin: *, Cache-Control: no-cache, no-store, must-revalidate, Pragma: no-cache, Expires: 0]
]]></system-out>
  <system-err><![CDATA[]]></system-err>
</testsuite>
