<?xml version="1.0" encoding="UTF-8"?>
<testsuite name="SessionTest" tests="4" skipped="0" failures="3" errors="0" timestamp="2015-08-28T18:42:18" hostname="aramirez2-mac.lpnet.com" time="1.576">
  <properties/>
  <testcase name="beginAndroidVisit" classname="SessionTest" time="1.126"/>
  <testcase name="beginChat" classname="SessionTest" time="0.149">
    <failure message="java.lang.StackOverflowError" type="java.lang.StackOverflowError">java.lang.StackOverflowError
	at properties.ConfigInstantiator.setDomains(ConfigInstantiator.java:72)
	at properties.ConfigInstantiator.setBaseUrls(ConfigInstantiator.java:61)
	at properties.ConfigInstantiator.setDomains(ConfigInstantiator.java:72)
	at properties.ConfigInstantiator.setBaseUrls(ConfigInstantiator.java:61)
	at properties.ConfigInstantiator.setDomains(ConfigInstantiator.java:72)
	at properties.ConfigInstantiator.setBaseUrls(ConfigInstantiator.java:61)
	at properties.ConfigInstantiator.setDomains(ConfigInstantiator.java:72)
	at properties.ConfigInstantiator.setBaseUrls(ConfigInstantiator.java:61)
	at properties.ConfigInstantiator.setDomains(ConfigInstantiator.java:72)
	at properties.ConfigInstantiator.setBaseUrls(ConfigInstantiator.java:61)
	at properties.ConfigInstantiator.setDomains(ConfigInstantiator.java:72)
	at properties.ConfigInstantiator.setBaseUrls(ConfigInstantiator.java:61)
	at properties.ConfigInstantiator.setDomains(ConfigInstantiator.java:72)
	at properties.ConfigInstantiator.setBaseUrls(ConfigInstantiator.java:61)
	at properties.ConfigInstantiator.setDomains(ConfigInstantiator.java:72)
	at properties.ConfigInstantiator.setBaseUrls(ConfigInstantiator.java:61)
	at properties.ConfigInstantiator.setDomains(ConfigInstantiator.java:72)
	at properties.ConfigInstantiator.setBaseUrls(ConfigInstantiator.java:61)
	at properties.ConfigInstantiator.setDomains(ConfigInstantiator.java:72)
	at properties.ConfigInstantiator.setBaseUrls(ConfigInstantiator.java:61)
	at properties.ConfigInstantiator.setDomains(ConfigInstantiator.java:72)
	at properties.ConfigInstantiator.setBaseUrls(ConfigInstantiator.java:61)
	at properties.ConfigInstantiator.setDomains(ConfigInstantiator.java:72)
	at properties.ConfigInstantiator.setBaseUrls(ConfigInstantiator.java:61)
	at properties.ConfigInstantiator.setDomains(ConfigInstantiator.java:72)
	at properties.ConfigInstantiator.setBaseUrls(ConfigInstantiator.java:61)
	at properties.ConfigInstantiator.setDomains(ConfigInstantiator.java:72)
	at properties.ConfigInstantiator.setBaseUrls(ConfigInstantiator.java:61)
	at properties.ConfigInstantiator.setDomains(ConfigInstantiator.java:72)
	at properties.ConfigInstantiator.setBaseUrls(ConfigInstantiator.java:61)
	at properties.ConfigInstantiator.setDomains(ConfigInstantiator.java:72)
	at properties.ConfigInstantiator.setBaseUrls(ConfigInstantiator.java:61)
	at properties.ConfigInstantiator.setDomains(ConfigInstantiator.java:72)
	at properties.ConfigInstantiator.setBaseUrls(ConfigInstantiator.java:61)
	at properties.ConfigInstantiator.setDomains(ConfigInstantiator.java:72)
	at properties.ConfigInstantiator.setBaseUrls(ConfigInstantiator.java:61)
	at properties.ConfigInstantiator.setDomains(ConfigInstantiator.java:72)
	at properties.ConfigInstantiator.setBaseUrls(ConfigInstantiator.java:61)
	at properties.ConfigInstantiator.setDomains(ConfigInstantiator.java:72)
	at properties.ConfigInstantiator.setBaseUrls(ConfigInstantiator.java:61)
	at properties.ConfigInstantiator.setDomains(ConfigInstantiator.java:72)
	at properties.ConfigInstantiator.setBaseUrls(ConfigInstantiator.java:61)
	at properties.ConfigInstantiator.setDomains(ConfigInstantiator.java:72)
	at properties.ConfigInstantiator.setBaseUrls(ConfigInstantiator.java:61)
	at properties.ConfigInstantiator.setDomains(ConfigInstantiator.java:72)
	at properties.ConfigInstantiator.setBaseUrls(ConfigInstantiator.java:61)
	at properties.ConfigInstantiator.setDomains(ConfigInstantiator.java:72)
	at properties.ConfigInstantiator.setBaseUrls(ConfigInstantiator.java:61)
	at properties.ConfigInstantiator.setDomains(ConfigInstantiator.java:72)
	at properties.ConfigInstantiator.setBaseUrls(ConfigInstantiator.java:61)
	at properties.ConfigInstantiator.setDomains(ConfigInstantiator.java:72)
	at properties.ConfigInstantiator.setBaseUrls(ConfigInstantiator.java:61)
	at properties.ConfigInstantiator.setDomains(ConfigInstantiator.java:72)
	at properties.ConfigInstantiator.setBaseUrls(ConfigInstantiator.java:61)
	at properties.ConfigInstantiator.setDomains(ConfigInstantiator.java:72)
	at properties.ConfigInstantiator.setBaseUrls(ConfigInstantiator.java:61)
	at properties.ConfigInstantiator.setDomains(ConfigInstantiator.java:72)
	at properties.ConfigInstantiator.setBaseUrls(ConfigInstantiator.java:61)
	at properties.ConfigInstantiator.setDomains(ConfigInstantiator.java:72)
	at properties.ConfigInstantiator.setBaseUrls(ConfigInstantiator.java:61)
	at properties.ConfigInstantiator.setDomains(ConfigInstantiator.java:72)
	at properties.ConfigInstantiator.setBaseUrls(ConfigInstantiator.java:61)
	at properties.ConfigInstantiator.setDomains(ConfigInstantiator.java:72)
	at properties.ConfigInstantiator.setBaseUrls(ConfigInstantiator.java:61)
	at properties.ConfigInstantiator.setDomains(ConfigInstantiator.java:72)
	at properties.ConfigInstantiator.setBaseUrls(ConfigInstantiator.java:61)
	at properties.ConfigInstantiator.setDomains(ConfigInstantiator.java:72)
	at properties.ConfigInstantiator.setBaseUrls(ConfigInstantiator.java:61)
	at properties.ConfigInstantiator.setDomains(ConfigInstantiator.java:72)
	at properties.ConfigInstantiator.setBaseUrls(ConfigInstantiator.java:61)
	at properties.ConfigInstantiator.setDomains(ConfigInstantiator.java:72)
	at properties.ConfigInstantiator.setBaseUrls(ConfigInstantiator.java:61)
	at properties.ConfigInstantiator.setDomains(ConfigInstantiator.java:72)
	at properties.ConfigInstantiator.setBaseUrls(ConfigInstantiator.java:61)
	at properties.ConfigInstantiator.setDomains(ConfigInstantiator.java:72)
	at properties.ConfigInstantiator.setBaseUrls(ConfigInstantiator.java:61)
	at properties.ConfigInstantiator.setDomains(ConfigInstantiator.java:72)
	at properties.ConfigInstantiator.setBaseUrls(ConfigInstantiator.java:61)
	at properties.ConfigInstantiator.setDomains(ConfigInstantiator.java:72)
	at properties.ConfigInstantiator.setBaseUrls(ConfigInstantiator.java:61)
	at properties.ConfigInstantiator.setDomains(ConfigInstantiator.java:72)
	at properties.ConfigInstantiator.setBaseUrls(ConfigInstantiator.java:61)
	at properties.ConfigInstantiator.setDomains(ConfigInstantiator.java:72)
	at properties.ConfigInstantiator.setBaseUrls(ConfigInstantiator.java:61)
	at properties.ConfigInstantiator.setDomains(ConfigInstantiator.java:72)
	at properties.ConfigInstantiator.setBaseUrls(ConfigInstantiator.java:61)
	at properties.ConfigInstantiator.setDomains(ConfigInstantiator.java:72)
	at properties.ConfigInstantiator.setBaseUrls(ConfigInstantiator.java:61)
	at properties.ConfigInstantiator.setDomains(ConfigInstantiator.java:72)
	at properties.ConfigInstantiator.setBaseUrls(ConfigInstantiator.java:61)
	at properties.ConfigInstantiator.setDomains(ConfigInstantiator.java:72)
	at properties.ConfigInstantiator.setBaseUrls(ConfigInstantiator.java:61)
	at properties.ConfigInstantiator.setDomains(ConfigInstantiator.java:72)
	at properties.ConfigInstantiator.setBaseUrls(ConfigInstantiator.java:61)
	at properties.ConfigInstantiator.setDomains(ConfigInstantiator.java:72)
	at properties.ConfigInstantiator.setBaseUrls(ConfigInstantiator.java:61)
	at properties.ConfigInstantiator.setDomains(ConfigInstantiator.java:72)
	at properties.ConfigInstantiator.setBaseUrls(ConfigInstantiator.java:61)
	at properties.ConfigInstantiator.setDomains(ConfigInstantiator.java:72)
	at properties.ConfigInstantiator.setBaseUrls(ConfigInstantiator.java:61)
	at properties.ConfigInstantiator.setDomains(ConfigInstantiator.java:72)
	at properties.ConfigInstantiator.setBaseUrls(ConfigInstantiator.java:61)
	at properties.ConfigInstantiator.setDomains(ConfigInstantiator.java:72)
	at properties.ConfigInstantiator.setBaseUrls(ConfigInstantiator.java:61)
	at properties.ConfigInstantiator.setDomains(ConfigInstantiator.java:72)
	at properties.ConfigInstantiator.setBaseUrls(ConfigInstantiator.java:61)
	at properties.ConfigInstantiator.setDomains(ConfigInstantiator.java:72)
	at properties.ConfigInstantiator.setBaseUrls(ConfigInstantiator.java:61)
	at properties.ConfigInstantiator.setDomains(ConfigInstantiator.java:72)
	at properties.ConfigInstantiator.setBaseUrls(ConfigInstantiator.java:61)
	at properties.ConfigInstantiator.setDomains(ConfigInstantiator.java:72)
	at properties.ConfigInstantiator.setBaseUrls(ConfigInstantiator.java:61)
	at properties.ConfigInstantiator.setDomains(ConfigInstantiator.java:72)
	at properties.ConfigInstantiator.setBaseUrls(ConfigInstantiator.java:61)
	at properties.ConfigInstantiator.setDomains(ConfigInstantiator.java:72)
	at properties.ConfigInstantiator.setBaseUrls(ConfigInstantiator.java:61)
	at properties.ConfigInstantiator.setDomains(ConfigInstantiator.java:72)
	at properties.ConfigInstantiator.setBaseUrls(ConfigInstantiator.java:61)
	at properties.ConfigInstantiator.setDomains(ConfigInstantiator.java:72)
	at properties.ConfigInstantiator.setBaseUrls(ConfigInstantiator.java:61)
	at properties.ConfigInstantiator.setDomains(ConfigInstantiator.java:72)
	at properties.ConfigInstantiator.setBaseUrls(ConfigInstantiator.java:61)
	at properties.ConfigInstantiator.setDomains(ConfigInstantiator.java:72)
	at properties.ConfigInstantiator.setBaseUrls(ConfigInstantiator.java:61)
	at properties.ConfigInstantiator.setDomains(ConfigInstantiator.java:72)
	at properties.ConfigInstantiator.setBaseUrls(ConfigInstantiator.java:61)
	at properties.ConfigInstantiator.setDomains(ConfigInstantiator.java:72)
	at properties.ConfigInstantiator.setBaseUrls(ConfigInstantiator.java:61)
	at properties.ConfigInstantiator.setDomains(ConfigInstantiator.java:72)
	at properties.ConfigInstantiator.setBaseUrls(ConfigInstantiator.java:61)
	at properties.ConfigInstantiator.setDomains(ConfigInstantiator.java:72)
	at properties.ConfigInstantiator.setBaseUrls(ConfigInstantiator.java:61)
	at properties.ConfigInstantiator.setDomains(ConfigInstantiator.java:72)
	at properties.ConfigInstantiator.setBaseUrls(ConfigInstantiator.java:61)
	at properties.ConfigInstantiator.setDomains(ConfigInstantiator.java:72)
	at properties.ConfigInstantiator.setBaseUrls(ConfigInstantiator.java:61)
	at properties.ConfigInstantiator.setDomains(ConfigInstantiator.java:72)
	at properties.ConfigInstantiator.setBaseUrls(ConfigInstantiator.java:61)
	at properties.ConfigInstantiator.setDomains(ConfigInstantiator.java:72)
	at properties.ConfigInstantiator.setBaseUrls(ConfigInstantiator.java:61)
	at properties.ConfigInstantiator.setDomains(ConfigInstantiator.java:72)
	at properties.ConfigInstantiator.setBaseUrls(ConfigInstantiator.java:61)
	at properties.ConfigInstantiator.setDomains(ConfigInstantiator.java:72)
	at properties.ConfigInstantiator.setBaseUrls(ConfigInstantiator.java:61)
	at properties.ConfigInstantiator.setDomains(ConfigInstantiator.java:72)
	at properties.ConfigInstantiator.setBaseUrls(ConfigInstantiator.java:61)
	at properties.ConfigInstantiator.setDomains(ConfigInstantiator.java:72)
	at properties.ConfigInstantiator.setBaseUrls(ConfigInstantiator.java:61)
	at properties.ConfigInstantiator.setDomains(ConfigInstantiator.java:72)
	at properties.ConfigInstantiator.setBaseUrls(ConfigInstantiator.java:61)
	at properties.ConfigInstantiator.setDomains(ConfigInstantiator.java:72)
	at properties.ConfigInstantiator.setBaseUrls(ConfigInstantiator.java:61)
	at properties.ConfigInstantiator.setDomains(ConfigInstantiator.java:72)
	at properties.ConfigInstantiator.setBaseUrls(ConfigInstantiator.java:61)
	at properties.ConfigInstantiator.setDomains(ConfigInstantiator.java:72)
	at properties.ConfigInstantiator.setBaseUrls(ConfigInstantiator.java:61)
	at properties.ConfigInstantiator.setDomains(ConfigInstantiator.java:72)
	at properties.ConfigInstantiator.setBaseUrls(ConfigInstantiator.java:61)
	at properties.ConfigInstantiator.setDomains(ConfigInstantiator.java:72)
	at properties.ConfigInstantiator.setBaseUrls(ConfigInstantiator.java:61)
	at properties.ConfigInstantiator.setDomains(ConfigInstantiator.java:72)
	at properties.ConfigInstantiator.setBaseUrls(ConfigInstantiator.java:61)
	at properties.ConfigInstantiator.setDomains(ConfigInstantiator.java:72)
	at properties.ConfigInstantiator.setBaseUrls(ConfigInstantiator.java:61)
	at properties.ConfigInstantiator.setDomains(ConfigInstantiator.java:72)
	at properties.ConfigInstantiator.setBaseUrls(ConfigInstantiator.java:61)
	at properties.ConfigInstantiator.setDomains(ConfigInstantiator.java:72)
	at properties.ConfigInstantiator.setBaseUrls(ConfigInstantiator.java:61)
	at properties.ConfigInstantiator.setDomains(ConfigInstantiator.java:72)
	at properties.ConfigInstantiator.setBaseUrls(ConfigInstantiator.java:61)
	at properties.ConfigInstantiator.setDomains(ConfigInstantiator.java:72)
	at properties.ConfigInstantiator.setBaseUrls(ConfigInstantiator.java:61)
	at properties.ConfigInstantiator.setDomains(ConfigInstantiator.java:72)
	at properties.ConfigInstantiator.setBaseUrls(ConfigInstantiator.java:61)
	at properties.ConfigInstantiator.setDomains(ConfigInstantiator.java:72)
	at properties.ConfigInstantiator.setBaseUrls(ConfigInstantiator.java:61)
	at properties.ConfigInstantiator.setDomains(ConfigInstantiator.java:72)
	at properties.ConfigInstantiator.setBaseUrls(ConfigInstantiator.java:61)
	at properties.ConfigInstantiator.setDomains(ConfigInstantiator.java:72)
	at properties.ConfigInstantiator.setBaseUrls(ConfigInstantiator.java:61)
	at properties.ConfigInstantiator.setDomains(ConfigInstantiator.java:72)
	at properties.ConfigInstantiator.setBaseUrls(ConfigInstantiator.java:61)
	at properties.ConfigInstantiator.setDomains(ConfigInstantiator.java:72)
	at properties.ConfigInstantiator.setBaseUrls(ConfigInstantiator.java:61)
	at properties.ConfigInstantiator.setDomains(ConfigInstantiator.java:72)
	at properties.ConfigInstantiator.setBaseUrls(ConfigInstantiator.java:61)
	at properties.ConfigInstantiator.setDomains(ConfigInstantiator.java:72)
	at properties.ConfigInstantiator.setBaseUrls(ConfigInstantiator.java:61)
	at properties.ConfigInstantiator.setDomains(ConfigInstantiator.java:72)
	at properties.ConfigInstantiator.setBaseUrls(ConfigInstantiator.java:61)
	at properties.ConfigInstantiator.setDomains(ConfigInstantiator.java:72)
	at properties.ConfigInstantiator.setBaseUrls(ConfigInstantiator.java:61)
	at properties.ConfigInstantiator.setDomains(ConfigInstantiator.java:72)
	at properties.ConfigInstantiator.setBaseUrls(ConfigInstantiator.java:61)
	at properties.ConfigInstantiator.setDomains(ConfigInstantiator.java:72)
	at properties.ConfigInstantiator.setBaseUrls(ConfigInstantiator.java:61)
	at properties.ConfigInstantiator.setDomains(ConfigInstantiator.java:72)
	at properties.ConfigInstantiator.setBaseUrls(ConfigInstantiator.java:61)
	at properties.ConfigInstantiator.setDomains(ConfigInstantiator.java:72)
	at properties.ConfigInstantiator.setBaseUrls(ConfigInstantiator.java:61)
	at properties.ConfigInstantiator.setDomains(ConfigInstantiator.java:72)
	at properties.ConfigInstantiator.setBaseUrls(ConfigInstantiator.java:61)
	at properties.ConfigInstantiator.setDomains(ConfigInstantiator.java:72)
	at properties.ConfigInstantiator.setBaseUrls(ConfigInstantiator.java:61)
	at properties.ConfigInstantiator.setDomains(ConfigInstantiator.java:72)
	at properties.ConfigInstantiator.setBaseUrls(ConfigInstantiator.java:61)
	at properties.ConfigInstantiator.setDomains(ConfigInstantiator.java:72)
	at properties.ConfigInstantiator.setBaseUrls(ConfigInstantiator.java:61)
	at properties.ConfigInstantiator.setDomains(ConfigInstantiator.java:72)
	at properties.ConfigInstantiator.setBaseUrls(ConfigInstantiator.java:61)
	at properties.ConfigInstantiator.setDomains(ConfigInstantiator.java:72)
	at properties.ConfigInstantiator.setBaseUrls(ConfigInstantiator.java:61)
	at properties.ConfigInstantiator.setDomains(ConfigInstantiator.java:72)
	at properties.ConfigInstantiator.setBaseUrls(ConfigInstantiator.java:61)
	at properties.ConfigInstantiator.setDomains(ConfigInstantiator.java:72)
	at properties.ConfigInstantiator.setBaseUrls(ConfigInstantiator.java:61)
	at properties.ConfigInstantiator.setDomains(ConfigInstantiator.java:72)
	at properties.ConfigInstantiator.setBaseUrls(ConfigInstantiator.java:61)
	at properties.ConfigInstantiator.setDomains(ConfigInstantiator.java:72)
	at properties.ConfigInstantiator.setBaseUrls(ConfigInstantiator.java:61)
	at properties.ConfigInstantiator.setDomains(ConfigInstantiator.java:72)
	at properties.ConfigInstantiator.setBaseUrls(ConfigInstantiator.java:61)
	at properties.ConfigInstantiator.setDomains(ConfigInstantiator.java:72)
	at properties.ConfigInstantiator.setBaseUrls(ConfigInstantiator.java:61)
	at properties.ConfigInstantiator.setDomains(ConfigInstantiator.java:72)
	at properties.ConfigInstantiator.setBaseUrls(ConfigInstantiator.java:61)
	at properties.ConfigInstantiator.setDomains(ConfigInstantiator.java:72)
	at properties.ConfigInstantiator.setBaseUrls(ConfigInstantiator.java:61)
	at properties.ConfigInstantiator.setDomains(ConfigInstantiator.java:72)
	at properties.ConfigInstantiator.setBaseUrls(ConfigInstantiator.java:61)
	at properties.ConfigInstantiator.setDomains(ConfigInstantiator.java:72)
	at properties.ConfigInstantiator.setBaseUrls(ConfigInstantiator.java:61)
	at properties.ConfigInstantiator.setDomains(ConfigInstantiator.java:72)
	at properties.ConfigInstantiator.setBaseUrls(ConfigInstantiator.java:61)
	at properties.ConfigInstantiator.setDomains(ConfigInstantiator.java:72)
	at properties.ConfigInstantiator.setBaseUrls(ConfigInstantiator.java:61)
	at properties.ConfigInstantiator.setDomains(ConfigInstantiator.java:72)
	at properties.ConfigInstantiator.setBaseUrls(ConfigInstantiator.java:61)
	at properties.ConfigInstantiator.setDomains(ConfigInstantiator.java:72)
	at properties.ConfigInstantiator.setBaseUrls(ConfigInstantiator.java:61)
	at properties.ConfigInstantiator.setDomains(ConfigInstantiator.java:72)
	at properties.ConfigInstantiator.setBaseUrls(ConfigInstantiator.java:61)
	at properties.ConfigInstantiator.setDomains(ConfigInstantiator.java:72)
	at properties.ConfigInstantiator.setBaseUrls(ConfigInstantiator.java:61)
	at properties.ConfigInstantiator.setDomains(ConfigInstantiator.java:72)
	at properties.ConfigInstantiator.setBaseUrls(ConfigInstantiator.java:61)
	at properties.ConfigInstantiator.setDomains(ConfigInstantiator.java:72)
	at properties.ConfigInstantiator.setBaseUrls(ConfigInstantiator.java:61)
	at properties.ConfigInstantiator.setDomains(ConfigInstantiator.java:72)
	at properties.ConfigInstantiator.setBaseUrls(ConfigInstantiator.java:61)
	at properties.ConfigInstantiator.setDomains(ConfigInstantiator.java:72)
	at properties.ConfigInstantiator.setBaseUrls(ConfigInstantiator.java:61)
	at properties.ConfigInstantiator.setDomains(ConfigInstantiator.java:72)
	at properties.ConfigInstantiator.setBaseUrls(ConfigInstantiator.java:61)
	at properties.ConfigInstantiator.setDomains(ConfigInstantiator.java:72)
	at properties.ConfigInstantiator.setBaseUrls(ConfigInstantiator.java:61)
	at properties.ConfigInstantiator.setDomains(ConfigInstantiator.java:72)
	at properties.ConfigInstantiator.setBaseUrls(ConfigInstantiator.java:61)
	at properties.ConfigInstantiator.setDomains(ConfigInstantiator.java:72)
	at properties.ConfigInstantiator.setBaseUrls(ConfigInstantiator.java:61)
	at properties.ConfigInstantiator.setDomains(ConfigInstantiator.java:72)
	at properties.ConfigInstantiator.setBaseUrls(ConfigInstantiator.java:61)
	at properties.ConfigInstantiator.setDomains(ConfigInstantiator.java:72)
	at properties.ConfigInstantiator.setBaseUrls(ConfigInstantiator.java:61)
	at properties.ConfigInstantiator.setDomains(ConfigInstantiator.java:72)
	at properties.ConfigInstantiator.setBaseUrls(ConfigInstantiator.java:61)
	at properties.ConfigInstantiator.setDomains(ConfigInstantiator.java:72)
	at properties.ConfigInstantiator.setBaseUrls(ConfigInstantiator.java:61)
	at properties.ConfigInstantiator.setDomains(ConfigInstantiator.java:72)
	at properties.ConfigInstantiator.setBaseUrls(ConfigInstantiator.java:61)
	at properties.ConfigInstantiator.setDomains(ConfigInstantiator.java:72)
	at properties.ConfigInstantiator.setBaseUrls(ConfigInstantiator.java:61)
	at properties.ConfigInstantiator.setDomains(ConfigInstantiator.java:72)
	at properties.ConfigInstantiator.setBaseUrls(ConfigInstantiator.java:61)
	at properties.ConfigInstantiator.setDomains(ConfigInstantiator.java:72)
	at properties.ConfigInstantiator.setBaseUrls(ConfigInstantiator.java:61)
	at properties.ConfigInstantiator.setDomains(ConfigInstantiator.java:72)
	at properties.ConfigInstantiator.setBaseUrls(ConfigInstantiator.java:61)
	at properties.ConfigInstantiator.setDomains(ConfigInstantiator.java:72)
	at properties.ConfigInstantiator.setBaseUrls(ConfigInstantiator.java:61)
	at properties.ConfigInstantiator.setDomains(ConfigInstantiator.java:72)
	at properties.ConfigInstantiator.setBaseUrls(ConfigInstantiator.java:61)
	at properties.ConfigInstantiator.setDomains(ConfigInstantiator.java:72)
	at properties.ConfigInstantiator.setBaseUrls(ConfigInstantiator.java:61)
	at properties.ConfigInstantiator.setDomains(ConfigInstantiator.java:72)
	at properties.ConfigInstantiator.setBaseUrls(ConfigInstantiator.java:61)
	at properties.ConfigInstantiator.setDomains(ConfigInstantiator.java:72)
	at properties.ConfigInstantiator.setBaseUrls(ConfigInstantiator.java:61)
	at properties.ConfigInstantiator.setDomains(ConfigInstantiator.java:72)
	at properties.ConfigInstantiator.setBaseUrls(ConfigInstantiator.java:61)
	at properties.ConfigInstantiator.setDomains(ConfigInstantiator.java:72)
	at properties.ConfigInstantiator.setBaseUrls(ConfigInstantiator.java:61)
	at properties.ConfigInstantiator.setDomains(ConfigInstantiator.java:72)
	at properties.ConfigInstantiator.setBaseUrls(ConfigInstantiator.java:61)
	at properties.ConfigInstantiator.setDomains(ConfigInstantiator.java:72)
	at properties.ConfigInstantiator.setBaseUrls(ConfigInstantiator.java:61)
	at properties.ConfigInstantiator.setDomains(ConfigInstantiator.java:72)
	at properties.ConfigInstantiator.setBaseUrls(ConfigInstantiator.java:61)
	at properties.ConfigInstantiator.setDomains(ConfigInstantiator.java:72)
	at properties.ConfigInstantiator.setBaseUrls(ConfigInstantiator.java:61)
	at properties.ConfigInstantiator.setDomains(ConfigInstantiator.java:72)
	at properties.ConfigInstantiator.setBaseUrls(ConfigInstantiator.java:61)
	at properties.ConfigInstantiator.setDomains(ConfigInstantiator.java:72)
	at properties.ConfigInstantiator.setBaseUrls(ConfigInstantiator.java:61)
	at properties.ConfigInstantiator.setDomains(ConfigInstantiator.java:72)
	at properties.ConfigInstantiator.setBaseUrls(ConfigInstantiator.java:61)
	at properties.ConfigInstantiator.setDomains(ConfigInstantiator.java:72)
	at properties.ConfigInstantiator.setBaseUrls(ConfigInstantiator.java:61)
	at properties.ConfigInstantiator.setDomains(ConfigInstantiator.java:72)
	at properties.ConfigInstantiator.setBaseUrls(ConfigInstantiator.java:61)
	at properties.ConfigInstantiator.setDomains(ConfigInstantiator.java:72)
	at properties.ConfigInstantiator.setBaseUrls(ConfigInstantiator.java:61)
	at properties.ConfigInstantiator.setDomains(ConfigInstantiator.java:72)
	at properties.ConfigInstantiator.setBaseUrls(ConfigInstantiator.java:61)
	at properties.ConfigInstantiator.setDomains(ConfigInstantiator.java:72)
	at properties.ConfigInstantiator.setBaseUrls(ConfigInstantiator.java:61)
	at properties.ConfigInstantiator.setDomains(ConfigInstantiator.java:72)
	at properties.ConfigInstantiator.setBaseUrls(ConfigInstantiator.java:61)
	at properties.ConfigInstantiator.setDomains(ConfigInstantiator.java:72)
	at properties.ConfigInstantiator.setBaseUrls(ConfigInstantiator.java:61)
	at properties.ConfigInstantiator.setDomains(ConfigInstantiator.java:72)
	at properties.ConfigInstantiator.setBaseUrls(ConfigInstantiator.java:61)
	at properties.ConfigInstantiator.setDomains(ConfigInstantiator.java:72)
	at properties.ConfigInstantiator.setBaseUrls(ConfigInstantiator.java:61)
	at properties.ConfigInstantiator.setDomains(ConfigInstantiator.java:72)
	at properties.ConfigInstantiator.setBaseUrls(ConfigInstantiator.java:61)
	at properties.ConfigInstantiator.setDomains(ConfigInstantiator.java:72)
	at properties.ConfigInstantiator.setBaseUrls(ConfigInstantiator.java:61)
	at properties.ConfigInstantiator.setDomains(ConfigInstantiator.java:72)
	at properties.ConfigInstantiator.setBaseUrls(ConfigInstantiator.java:61)
	at properties.ConfigInstantiator.setDomains(ConfigInstantiator.java:72)
	at properties.ConfigInstantiator.setBaseUrls(ConfigInstantiator.java:61)
	at properties.ConfigInstantiator.setDomains(ConfigInstantiator.java:72)
	at properties.ConfigInstantiator.setBaseUrls(ConfigInstantiator.java:61)
	at properties.ConfigInstantiator.setDomains(ConfigInstantiator.java:72)
	at properties.ConfigInstantiator.setBaseUrls(ConfigInstantiator.java:61)
	at properties.ConfigInstantiator.setDomains(ConfigInstantiator.java:72)
	at properties.ConfigInstantiator.setBaseUrls(ConfigInstantiator.java:61)
	at properties.ConfigInstantiator.setDomains(ConfigInstantiator.java:72)
	at properties.ConfigInstantiator.setBaseUrls(ConfigInstantiator.java:61)
	at properties.ConfigInstantiator.setDomains(ConfigInstantiator.java:72)
	at properties.ConfigInstantiator.setBaseUrls(ConfigInstantiator.java:61)
	at properties.ConfigInstantiator.setDomains(ConfigInstantiator.java:72)
	at properties.ConfigInstantiator.setBaseUrls(ConfigInstantiator.java:61)
	at properties.ConfigInstantiator.setDomains(ConfigInstantiator.java:72)
	at properties.ConfigInstantiator.setBaseUrls(ConfigInstantiator.java:61)
	at properties.ConfigInstantiator.setDomains(ConfigInstantiator.java:72)
	at properties.ConfigInstantiator.setBaseUrls(ConfigInstantiator.java:61)
	at properties.ConfigInstantiator.setDomains(ConfigInstantiator.java:72)
	at properties.ConfigInstantiator.setBaseUrls(ConfigInstantiator.java:61)
	at properties.ConfigInstantiator.setDomains(ConfigInstantiator.java:72)
	at properties.ConfigInstantiator.setBaseUrls(ConfigInstantiator.java:61)
	at properties.ConfigInstantiator.setDomains(ConfigInstantiator.java:72)
	at properties.ConfigInstantiator.setBaseUrls(ConfigInstantiator.java:61)
	at properties.ConfigInstantiator.setDomains(ConfigInstantiator.java:72)
	at properties.ConfigInstantiator.setBaseUrls(ConfigInstantiator.java:61)
	at properties.ConfigInstantiator.setDomains(ConfigInstantiator.java:72)
	at properties.ConfigInstantiator.setBaseUrls(ConfigInstantiator.java:61)
	at properties.ConfigInstantiator.setDomains(ConfigInstantiator.java:72)
	at properties.ConfigInstantiator.setBaseUrls(ConfigInstantiator.java:61)
	at properties.ConfigInstantiator.setDomains(ConfigInstantiator.java:72)
	at properties.ConfigInstantiator.setBaseUrls(ConfigInstantiator.java:61)
	at properties.ConfigInstantiator.setDomains(ConfigInstantiator.java:72)
	at properties.ConfigInstantiator.setBaseUrls(ConfigInstantiator.java:61)
	at properties.ConfigInstantiator.setDomains(ConfigInstantiator.java:72)
	at properties.ConfigInstantiator.setBaseUrls(ConfigInstantiator.java:61)
	at properties.ConfigInstantiator.setDomains(ConfigInstantiator.java:72)
	at properties.ConfigInstantiator.setBaseUrls(ConfigInstantiator.java:61)
	at properties.ConfigInstantiator.setDomains(ConfigInstantiator.java:72)
	at properties.ConfigInstantiator.setBaseUrls(ConfigInstantiator.java:61)
	at properties.ConfigInstantiator.setDomains(ConfigInstantiator.java:72)
	at properties.ConfigInstantiator.setBaseUrls(ConfigInstantiator.java:61)
	at properties.ConfigInstantiator.setDomains(ConfigInstantiator.java:72)
	at properties.ConfigInstantiator.setBaseUrls(ConfigInstantiator.java:61)
	at properties.ConfigInstantiator.setDomains(ConfigInstantiator.java:72)
	at properties.ConfigInstantiator.setBaseUrls(ConfigInstantiator.java:61)
	at properties.ConfigInstantiator.setDomains(ConfigInstantiator.java:72)
	at properties.ConfigInstantiator.setBaseUrls(ConfigInstantiator.java:61)
	at properties.ConfigInstantiator.setDomains(ConfigInstantiator.java:72)
	at properties.ConfigInstantiator.setBaseUrls(ConfigInstantiator.java:61)
	at properties.ConfigInstantiator.setDomains(ConfigInstantiator.java:72)
	at properties.ConfigInstantiator.setBaseUrls(ConfigInstantiator.java:61)
	at properties.ConfigInstantiator.setDomains(ConfigInstantiator.java:72)
	at properties.ConfigInstantiator.setBaseUrls(ConfigInstantiator.java:61)
	at properties.ConfigInstantiator.setDomains(ConfigInstantiator.java:72)
	at properties.ConfigInstantiator.setBaseUrls(ConfigInstantiator.java:61)
	at properties.ConfigInstantiator.setDomains(ConfigInstantiator.java:72)
	at properties.ConfigInstantiator.setBaseUrls(ConfigInstantiator.java:61)
	at properties.ConfigInstantiator.setDomains(ConfigInstantiator.java:72)
	at properties.ConfigInstantiator.setBaseUrls(ConfigInstantiator.java:61)
	at properties.ConfigInstantiator.setDomains(ConfigInstantiator.java:72)
	at properties.ConfigInstantiator.setBaseUrls(ConfigInstantiator.java:61)
	at properties.ConfigInstantiator.setDomains(ConfigInstantiator.java:72)
	at properties.ConfigInstantiator.setBaseUrls(ConfigInstantiator.java:61)
	at properties.ConfigInstantiator.setDomains(ConfigInstantiator.java:72)
	at properties.ConfigInstantiator.setBaseUrls(ConfigInstantiator.java:61)
	at properties.ConfigInstantiator.setDomains(ConfigInstantiator.java:72)
	at properties.ConfigInstantiator.setBaseUrls(ConfigInstantiator.java:61)
	at properties.ConfigInstantiator.setDomains(ConfigInstantiator.java:72)
	at properties.ConfigInstantiator.setBaseUrls(ConfigInstantiator.java:61)
	at properties.ConfigInstantiator.setDomains(ConfigInstantiator.java:72)
	at properties.ConfigInstantiator.setBaseUrls(ConfigInstantiator.java:61)
	at properties.ConfigInstantiator.setDomains(ConfigInstantiator.java:72)
	at properties.ConfigInstantiator.setBaseUrls(ConfigInstantiator.java:61)
	at properties.ConfigInstantiator.setDomains(ConfigInstantiator.java:72)
	at properties.ConfigInstantiator.setBaseUrls(ConfigInstantiator.java:61)
	at properties.ConfigInstantiator.setDomains(ConfigInstantiator.java:72)
	at properties.ConfigInstantiator.setBaseUrls(ConfigInstantiator.java:61)
	at properties.ConfigInstantiator.setDomains(ConfigInstantiator.java:72)
	at properties.ConfigInstantiator.setBaseUrls(ConfigInstantiator.java:61)
	at properties.ConfigInstantiator.setDomains(ConfigInstantiator.java:72)
	at properties.ConfigInstantiator.setBaseUrls(ConfigInstantiator.java:61)
	at properties.ConfigInstantiator.setDomains(ConfigInstantiator.java:72)
	at properties.ConfigInstantiator.setBaseUrls(ConfigInstantiator.java:61)
	at properties.ConfigInstantiator.setDomains(ConfigInstantiator.java:72)
	at properties.ConfigInstantiator.setBaseUrls(ConfigInstantiator.java:61)
	at properties.ConfigInstantiator.setDomains(ConfigInstantiator.java:72)
	at properties.ConfigInstantiator.setBaseUrls(ConfigInstantiator.java:61)
	at properties.ConfigInstantiator.setDomains(ConfigInstantiator.java:72)
	at properties.ConfigInstantiator.setBaseUrls(ConfigInstantiator.java:61)
	at properties.ConfigInstantiator.setDomains(ConfigInstantiator.java:72)
	at properties.ConfigInstantiator.setBaseUrls(ConfigInstantiator.java:61)
	at properties.ConfigInstantiator.setDomains(ConfigInstantiator.java:72)
	at properties.ConfigInstantiator.setBaseUrls(ConfigInstantiator.java:61)
	at properties.ConfigInstantiator.setDomains(ConfigInstantiator.java:72)
	at properties.ConfigInstantiator.setBaseUrls(ConfigInstantiator.java:61)
	at properties.ConfigInstantiator.setDomains(ConfigInstantiator.java:72)
	at properties.ConfigInstantiator.setBaseUrls(ConfigInstantiator.java:61)
	at properties.ConfigInstantiator.setDomains(ConfigInstantiator.java:72)
	at properties.ConfigInstantiator.setBaseUrls(ConfigInstantiator.java:61)
	at properties.ConfigInstantiator.setDomains(ConfigInstantiator.java:72)
	at properties.ConfigInstantiator.setBaseUrls(ConfigInstantiator.java:61)
	at properties.ConfigInstantiator.setDomains(ConfigInstantiator.java:72)
	at properties.ConfigInstantiator.setBaseUrls(ConfigInstantiator.java:61)
	at properties.ConfigInstantiator.setDomains(ConfigInstantiator.java:72)
	at properties.ConfigInstantiator.setBaseUrls(ConfigInstantiator.java:61)
	at properties.ConfigInstantiator.setDomains(ConfigInstantiator.java:72)
	at properties.ConfigInstantiator.setBaseUrls(ConfigInstantiator.java:61)
	at properties.ConfigInstantiator.setDomains(ConfigInstantiator.java:72)
	at properties.ConfigInstantiator.setBaseUrls(ConfigInstantiator.java:61)
	at properties.ConfigInstantiator.setDomains(ConfigInstantiator.java:72)
	at properties.ConfigInstantiator.setBaseUrls(ConfigInstantiator.java:61)
	at properties.ConfigInstantiator.setDomains(ConfigInstantiator.java:72)
	at properties.ConfigInstantiator.setBaseUrls(ConfigInstantiator.java:61)
	at properties.ConfigInstantiator.setDomains(ConfigInstantiator.java:72)
	at properties.ConfigInstantiator.setBaseUrls(ConfigInstantiator.java:61)
	at properties.ConfigInstantiator.setDomains(ConfigInstantiator.java:72)
	at properties.ConfigInstantiator.setBaseUrls(ConfigInstantiator.java:61)
	at properties.ConfigInstantiator.setDomains(ConfigInstantiator.java:72)
	at properties.ConfigInstantiator.setBaseUrls(ConfigInstantiator.java:61)
	at properties.ConfigInstantiator.setDomains(ConfigInstantiator.java:72)
	at properties.ConfigInstantiator.setBaseUrls(ConfigInstantiator.java:61)
	at properties.ConfigInstantiator.setDomains(ConfigInstantiator.java:72)
	at properties.ConfigInstantiator.setBaseUrls(ConfigInstantiator.java:61)
	at properties.ConfigInstantiator.setDomains(ConfigInstantiator.java:72)
	at properties.ConfigInstantiator.setBaseUrls(ConfigInstantiator.java:61)
	at properties.ConfigInstantiator.setDomains(ConfigInstantiator.java:72)
	at properties.ConfigInstantiator.setBaseUrls(ConfigInstantiator.java:61)
	at properties.ConfigInstantiator.setDomains(ConfigInstantiator.java:72)
	at properties.ConfigInstantiator.setBaseUrls(ConfigInstantiator.java:61)
	at properties.ConfigInstantiator.setDomains(ConfigInstantiator.java:72)
	at properties.ConfigInstantiator.setBaseUrls(ConfigInstantiator.java:61)
	at properties.ConfigInstantiator.setDomains(ConfigInstantiator.java:72)
	at properties.ConfigInstantiator.setBaseUrls(ConfigInstantiator.java:61)
	at properties.ConfigInstantiator.setDomains(ConfigInstantiator.java:72)
	at properties.ConfigInstantiator.setBaseUrls(ConfigInstantiator.java:61)
	at properties.ConfigInstantiator.setDomains(ConfigInstantiator.java:72)
	at properties.ConfigInstantiator.setBaseUrls(ConfigInstantiator.java:61)
	at properties.ConfigInstantiator.setDomains(ConfigInstantiator.java:72)
	at properties.ConfigInstantiator.setBaseUrls(ConfigInstantiator.java:61)
	at properties.ConfigInstantiator.setDomains(ConfigInstantiator.java:72)
	at properties.ConfigInstantiator.setBaseUrls(ConfigInstantiator.java:61)
	at properties.ConfigInstantiator.setDomains(ConfigInstantiator.java:72)
	at properties.ConfigInstantiator.setBaseUrls(ConfigInstantiator.java:61)
	at properties.ConfigInstantiator.setDomains(ConfigInstantiator.java:72)
	at properties.ConfigInstantiator.setBaseUrls(ConfigInstantiator.java:61)
	at properties.ConfigInstantiator.setDomains(ConfigInstantiator.java:72)
	at properties.ConfigInstantiator.setBaseUrls(ConfigInstantiator.java:61)
	at properties.ConfigInstantiator.setDomains(ConfigInstantiator.java:72)
	at properties.ConfigInstantiator.setBaseUrls(ConfigInstantiator.java:61)
	at properties.ConfigInstantiator.setDomains(ConfigInstantiator.java:72)
	at properties.ConfigInstantiator.setBaseUrls(ConfigInstantiator.java:61)
	at properties.ConfigInstantiator.setDomains(ConfigInstantiator.java:72)
	at properties.ConfigInstantiator.setBaseUrls(ConfigInstantiator.java:61)
	at properties.ConfigInstantiator.setDomains(ConfigInstantiator.java:72)
	at properties.ConfigInstantiator.setBaseUrls(ConfigInstantiator.java:61)
	at properties.ConfigInstantiator.setDomains(ConfigInstantiator.java:72)
	at properties.ConfigInstantiator.setBaseUrls(ConfigInstantiator.java:61)
	at properties.ConfigInstantiator.setDomains(ConfigInstantiator.java:72)
	at properties.ConfigInstantiator.setBaseUrls(ConfigInstantiator.java:61)
	at properties.ConfigInstantiator.setDomains(ConfigInstantiator.java:72)
	at properties.ConfigInstantiator.setBaseUrls(ConfigInstantiator.java:61)
	at properties.ConfigInstantiator.setDomains(ConfigInstantiator.java:72)
	at properties.ConfigInstantiator.setBaseUrls(ConfigInstantiator.java:61)
	at properties.ConfigInstantiator.setDomains(ConfigInstantiator.java:72)
	at properties.ConfigInstantiator.setBaseUrls(ConfigInstantiator.java:61)
	at properties.ConfigInstantiator.setDomains(ConfigInstantiator.java:72)
	at properties.ConfigInstantiator.setBaseUrls(ConfigInstantiator.java:61)
	at properties.ConfigInstantiator.setDomains(ConfigInstantiator.java:72)
	at properties.ConfigInstantiator.setBaseUrls(ConfigInstantiator.java:61)
	at properties.ConfigInstantiator.setDomains(ConfigInstantiator.java:72)
	at properties.ConfigInstantiator.setBaseUrls(ConfigInstantiator.java:61)
	at properties.ConfigInstantiator.setDomains(ConfigInstantiator.java:72)
	at properties.ConfigInstantiator.setBaseUrls(ConfigInstantiator.java:61)
	at properties.ConfigInstantiator.setDomains(ConfigInstantiator.java:72)
	at properties.ConfigInstantiator.setBaseUrls(ConfigInstantiator.java:61)
	at properties.ConfigInstantiator.setDomains(ConfigInstantiator.java:72)
	at properties.ConfigInstantiator.setBaseUrls(ConfigInstantiator.java:61)
	at properties.ConfigInstantiator.setDomains(ConfigInstantiator.java:72)
	at properties.ConfigInstantiator.setBaseUrls(ConfigInstantiator.java:61)
	at properties.ConfigInstantiator.setDomains(ConfigInstantiator.java:72)
	at properties.ConfigInstantiator.setBaseUrls(ConfigInstantiator.java:61)
	at properties.ConfigInstantiator.setDomains(ConfigInstantiator.java:72)
	at properties.ConfigInstantiator.setBaseUrls(ConfigInstantiator.java:61)
	at properties.ConfigInstantiator.setDomains(ConfigInstantiator.java:72)
	at properties.ConfigInstantiator.setBaseUrls(ConfigInstantiator.java:61)
	at properties.ConfigInstantiator.setDomains(ConfigInstantiator.java:72)
	at properties.ConfigInstantiator.setBaseUrls(ConfigInstantiator.java:61)
	at properties.ConfigInstantiator.setDomains(ConfigInstantiator.java:72)
	at properties.ConfigInstantiator.setBaseUrls(ConfigInstantiator.java:61)
	at properties.ConfigInstantiator.setDomains(ConfigInstantiator.java:72)
	at properties.ConfigInstantiator.setBaseUrls(ConfigInstantiator.java:61)
	at properties.ConfigInstantiator.setDomains(ConfigInstantiator.java:72)
	at properties.ConfigInstantiator.setBaseUrls(ConfigInstantiator.java:61)
	at properties.ConfigInstantiator.setDomains(ConfigInstantiator.java:72)
	at properties.ConfigInstantiator.setBaseUrls(ConfigInstantiator.java:61)
	at properties.ConfigInstantiator.setDomains(ConfigInstantiator.java:72)
	at properties.ConfigInstantiator.setBaseUrls(ConfigInstantiator.java:61)
	at properties.ConfigInstantiator.setDomains(ConfigInstantiator.java:72)
	at properties.ConfigInstantiator.setBaseUrls(ConfigInstantiator.java:61)
	at properties.ConfigInstantiator.setDomains(ConfigInstantiator.java:72)
	at properties.ConfigInstantiator.setBaseUrls(ConfigInstantiator.java:61)
	at properties.ConfigInstantiator.setDomains(ConfigInstantiator.java:72)
	at properties.ConfigInstantiator.setBaseUrls(ConfigInstantiator.java:61)
	at properties.ConfigInstantiator.setDomains(ConfigInstantiator.java:72)
	at properties.ConfigInstantiator.setBaseUrls(ConfigInstantiator.java:61)
	at properties.ConfigInstantiator.setDomains(ConfigInstantiator.java:72)
	at properties.ConfigInstantiator.setBaseUrls(ConfigInstantiator.java:61)
	at properties.ConfigInstantiator.setDomains(ConfigInstantiator.java:72)
	at properties.ConfigInstantiator.setBaseUrls(ConfigInstantiator.java:61)
	at properties.ConfigInstantiator.setDomains(ConfigInstantiator.java:72)
	at properties.ConfigInstantiator.setBaseUrls(ConfigInstantiator.java:61)
	at properties.ConfigInstantiator.setDomains(ConfigInstantiator.java:72)
	at properties.ConfigInstantiator.setBaseUrls(ConfigInstantiator.java:61)
	at properties.ConfigInstantiator.setDomains(ConfigInstantiator.java:72)
	at properties.ConfigInstantiator.setBaseUrls(ConfigInstantiator.java:61)
	at properties.ConfigInstantiator.setDomains(ConfigInstantiator.java:72)
	at properties.ConfigInstantiator.setBaseUrls(ConfigInstantiator.java:61)
	at properties.ConfigInstantiator.setDomains(ConfigInstantiator.java:72)
	at properties.ConfigInstantiator.setBaseUrls(ConfigInstantiator.java:61)
	at properties.ConfigInstantiator.setDomains(ConfigInstantiator.java:72)
	at properties.ConfigInstantiator.setBaseUrls(ConfigInstantiator.java:61)
	at properties.ConfigInstantiator.setDomains(ConfigInstantiator.java:72)
	at properties.ConfigInstantiator.setBaseUrls(ConfigInstantiator.java:61)
	at properties.ConfigInstantiator.setDomains(ConfigInstantiator.java:72)
	at properties.ConfigInstantiator.setBaseUrls(ConfigInstantiator.java:61)
	at properties.ConfigInstantiator.setDomains(ConfigInstantiator.java:72)
	at properties.ConfigInstantiator.setBaseUrls(ConfigInstantiator.java:61)
	at properties.ConfigInstantiator.setDomains(ConfigInstantiator.java:72)
	at properties.ConfigInstantiator.setBaseUrls(ConfigInstantiator.java:61)
	at properties.ConfigInstantiator.setDomains(ConfigInstantiator.java:72)
	at properties.ConfigInstantiator.setBaseUrls(ConfigInstantiator.java:61)
	at properties.ConfigInstantiator.setDomains(ConfigInstantiator.java:72)
	at properties.ConfigInstantiator.setBaseUrls(ConfigInstantiator.java:61)
	at properties.ConfigInstantiator.setDomains(ConfigInstantiator.java:72)
	at properties.ConfigInstantiator.setBaseUrls(ConfigInstantiator.java:61)
	at properties.ConfigInstantiator.setDomains(ConfigInstantiator.java:72)
	at properties.ConfigInstantiator.setBaseUrls(ConfigInstantiator.java:61)
	at properties.ConfigInstantiator.setDomains(ConfigInstantiator.java:72)
	at properties.ConfigInstantiator.setBaseUrls(ConfigInstantiator.java:61)
	at properties.ConfigInstantiator.setDomains(ConfigInstantiator.java:72)
	at properties.ConfigInstantiator.setBaseUrls(ConfigInstantiator.java:61)
	at properties.ConfigInstantiator.setDomains(ConfigInstantiator.java:72)
	at properties.ConfigInstantiator.setBaseUrls(ConfigInstantiator.java:61)
	at properties.ConfigInstantiator.setDomains(ConfigInstantiator.java:72)
	at properties.ConfigInstantiator.setBaseUrls(ConfigInstantiator.java:61)
	at properties.ConfigInstantiator.setDomains(ConfigInstantiator.java:72)
	at properties.ConfigInstantiator.setBaseUrls(ConfigInstantiator.java:61)
	at properties.ConfigInstantiator.setDomains(ConfigInstantiator.java:72)
	at properties.ConfigInstantiator.setBaseUrls(ConfigInstantiator.java:61)
	at properties.ConfigInstantiator.setDomains(ConfigInstantiator.java:72)
	at properties.ConfigInstantiator.setBaseUrls(ConfigInstantiator.java:61)
	at properties.ConfigInstantiator.setDomains(ConfigInstantiator.java:72)
	at properties.ConfigInstantiator.setBaseUrls(ConfigInstantiator.java:61)
	at properties.ConfigInstantiator.setDomains(ConfigInstantiator.java:72)
	at properties.ConfigInstantiator.setBaseUrls(ConfigInstantiator.java:61)
	at properties.ConfigInstantiator.setDomains(ConfigInstantiator.java:72)
	at properties.ConfigInstantiator.setBaseUrls(ConfigInstantiator.java:61)
	at properties.ConfigInstantiator.setDomains(ConfigInstantiator.java:72)
	at properties.ConfigInstantiator.setBaseUrls(ConfigInstantiator.java:61)
	at properties.ConfigInstantiator.setDomains(ConfigInstantiator.java:72)
	at properties.ConfigInstantiator.setBaseUrls(ConfigInstantiator.java:61)
	at properties.ConfigInstantiator.setDomains(ConfigInstantiator.java:72)
	at properties.ConfigInstantiator.setBaseUrls(ConfigInstantiator.java:61)
	at properties.ConfigInstantiator.setDomains(ConfigInstantiator.java:72)
	at properties.ConfigInstantiator.setBaseUrls(ConfigInstantiator.java:61)
	at properties.ConfigInstantiator.setDomains(ConfigInstantiator.java:72)
	at properties.ConfigInstantiator.setBaseUrls(ConfigInstantiator.java:61)
	at properties.ConfigInstantiator.setDomains(ConfigInstantiator.java:72)
	at properties.ConfigInstantiator.setBaseUrls(ConfigInstantiator.java:61)
	at properties.ConfigInstantiator.setDomains(ConfigInstantiator.java:72)
	at properties.ConfigInstantiator.setBaseUrls(ConfigInstantiator.java:61)
	at properties.ConfigInstantiator.setDomains(ConfigInstantiator.java:72)
	at properties.ConfigInstantiator.setBaseUrls(ConfigInstantiator.java:61)
	at properties.ConfigInstantiator.setDomains(ConfigInstantiator.java:72)
	at properties.ConfigInstantiator.setBaseUrls(ConfigInstantiator.java:61)
	at properties.ConfigInstantiator.setDomains(ConfigInstantiator.java:72)
	at properties.ConfigInstantiator.setBaseUrls(ConfigInstantiator.java:61)
	at properties.ConfigInstantiator.setDomains(ConfigInstantiator.java:72)
	at properties.ConfigInstantiator.setBaseUrls(ConfigInstantiator.java:61)
	at properties.ConfigInstantiator.setDomains(ConfigInstantiator.java:72)
	at properties.ConfigInstantiator.setBaseUrls(ConfigInstantiator.java:61)
	at properties.ConfigInstantiator.setDomains(ConfigInstantiator.java:72)
	at properties.ConfigInstantiator.setBaseUrls(ConfigInstantiator.java:61)
	at properties.ConfigInstantiator.setDomains(ConfigInstantiator.java:72)
	at properties.ConfigInstantiator.setBaseUrls(ConfigInstantiator.java:61)
	at properties.ConfigInstantiator.setDomains(ConfigInstantiator.java:72)
	at properties.ConfigInstantiator.setBaseUrls(ConfigInstantiator.java:61)
	at properties.ConfigInstantiator.setDomains(ConfigInstantiator.java:72)
	at properties.ConfigInstantiator.setBaseUrls(ConfigInstantiator.java:61)
	at properties.ConfigInstantiator.setDomains(ConfigInstantiator.java:72)
	at properties.ConfigInstantiator.setBaseUrls(ConfigInstantiator.java:61)
	at properties.ConfigInstantiator.setDomains(ConfigInstantiator.java:72)
	at properties.ConfigInstantiator.setBaseUrls(ConfigInstantiator.java:61)
	at properties.ConfigInstantiator.setDomains(ConfigInstantiator.java:72)
	at properties.ConfigInstantiator.setBaseUrls(ConfigInstantiator.java:61)
	at properties.ConfigInstantiator.setDomains(ConfigInstantiator.java:72)
	at properties.ConfigInstantiator.setBaseUrls(ConfigInstantiator.java:61)
	at properties.ConfigInstantiator.setDomains(ConfigInstantiator.java:72)
	at properties.ConfigInstantiator.setBaseUrls(ConfigInstantiator.java:61)
	at properties.ConfigInstantiator.setDomains(ConfigInstantiator.java:72)
	at properties.ConfigInstantiator.setBaseUrls(ConfigInstantiator.java:61)
	at properties.ConfigInstantiator.setDomains(ConfigInstantiator.java:72)
	at properties.ConfigInstantiator.setBaseUrls(ConfigInstantiator.java:61)
	at properties.ConfigInstantiator.setDomains(ConfigInstantiator.java:72)
	at properties.ConfigInstantiator.setBaseUrls(ConfigInstantiator.java:61)
	at properties.ConfigInstantiator.setDomains(ConfigInstantiator.java:72)
	at properties.ConfigInstantiator.setBaseUrls(ConfigInstantiator.java:61)
	at properties.ConfigInstantiator.setDomains(ConfigInstantiator.java:72)
	at properties.ConfigInstantiator.setBaseUrls(ConfigInstantiator.java:61)
	at properties.ConfigInstantiator.setDomains(ConfigInstantiator.java:72)
	at properties.ConfigInstantiator.setBaseUrls(ConfigInstantiator.java:61)
	at properties.ConfigInstantiator.setDomains(ConfigInstantiator.java:72)
	at properties.ConfigInstantiator.setBaseUrls(ConfigInstantiator.java:61)
	at properties.ConfigInstantiator.setDomains(ConfigInstantiator.java:72)
	at properties.ConfigInstantiator.setBaseUrls(ConfigInstantiator.java:61)
	at properties.ConfigInstantiator.setDomains(ConfigInstantiator.java:72)
	at properties.ConfigInstantiator.setBaseUrls(ConfigInstantiator.java:61)
	at properties.ConfigInstantiator.setDomains(ConfigInstantiator.java:72)
	at properties.ConfigInstantiator.setBaseUrls(ConfigInstantiator.java:61)
	at properties.ConfigInstantiator.setDomains(ConfigInstantiator.java:72)
	at properties.ConfigInstantiator.setBaseUrls(ConfigInstantiator.java:61)
	at properties.ConfigInstantiator.setDomains(ConfigInstantiator.java:72)
	at properties.ConfigInstantiator.setBaseUrls(ConfigInstantiator.java:61)
	at properties.ConfigInstantiator.setDomains(ConfigInstantiator.java:72)
	at properties.ConfigInstantiator.setBaseUrls(ConfigInstantiator.java:61)
	at properties.ConfigInstantiator.setDomains(ConfigInstantiator.java:72)
	at properties.ConfigInstantiator.setBaseUrls(ConfigInstantiator.java:61)
	at properties.ConfigInstantiator.setDomains(ConfigInstantiator.java:72)
	at properties.ConfigInstantiator.setBaseUrls(ConfigInstantiator.java:61)
	at properties.ConfigInstantiator.setDomains(ConfigInstantiator.java:72)
	at properties.ConfigInstantiator.setBaseUrls(ConfigInstantiator.java:61)
	at properties.ConfigInstantiator.setDomains(ConfigInstantiator.java:72)
	at properties.ConfigInstantiator.setBaseUrls(ConfigInstantiator.java:61)
	at properties.ConfigInstantiator.setDomains(ConfigInstantiator.java:72)
	at properties.ConfigInstantiator.setBaseUrls(ConfigInstantiator.java:61)
	at properties.ConfigInstantiator.setDomains(ConfigInstantiator.java:72)
	at properties.ConfigInstantiator.setBaseUrls(ConfigInstantiator.java:61)
	at properties.ConfigInstantiator.setDomains(ConfigInstantiator.java:72)
	at properties.ConfigInstantiator.setBaseUrls(ConfigInstantiator.java:61)
	at properties.ConfigInstantiator.setDomains(ConfigInstantiator.java:72)
	at properties.ConfigInstantiator.setBaseUrls(ConfigInstantiator.java:61)
	at properties.ConfigInstantiator.setDomains(ConfigInstantiator.java:72)
	at properties.ConfigInstantiator.setBaseUrls(ConfigInstantiator.java:61)
	at properties.ConfigInstantiator.setDomains(ConfigInstantiator.java:72)
	at properties.ConfigInstantiator.setBaseUrls(ConfigInstantiator.java:61)
	at properties.ConfigInstantiator.setDomains(ConfigInstantiator.java:72)
	at properties.ConfigInstantiator.setBaseUrls(ConfigInstantiator.java:61)
	at properties.ConfigInstantiator.setDomains(ConfigInstantiator.java:72)
	at properties.ConfigInstantiator.setBaseUrls(ConfigInstantiator.java:61)
	at properties.ConfigInstantiator.setDomains(ConfigInstantiator.java:72)
	at properties.ConfigInstantiator.setBaseUrls(ConfigInstantiator.java:61)
	at properties.ConfigInstantiator.setDomains(ConfigInstantiator.java:72)
	at properties.ConfigInstantiator.setBaseUrls(ConfigInstantiator.java:61)
	at properties.ConfigInstantiator.setDomains(ConfigInstantiator.java:72)
	at properties.ConfigInstantiator.setBaseUrls(ConfigInstantiator.java:61)
	at properties.ConfigInstantiator.setDomains(ConfigInstantiator.java:72)
	at properties.ConfigInstantiator.setBaseUrls(ConfigInstantiator.java:61)
	at properties.ConfigInstantiator.setDomains(ConfigInstantiator.java:72)
	at properties.ConfigInstantiator.setBaseUrls(ConfigInstantiator.java:61)
	at properties.ConfigInstantiator.setDomains(ConfigInstantiator.java:72)
	at properties.ConfigInstantiator.setBaseUrls(ConfigInstantiator.java:61)
	at properties.ConfigInstantiator.setDomains(ConfigInstantiator.java:72)
	at properties.ConfigInstantiator.setBaseUrls(ConfigInstantiator.java:61)
	at properties.ConfigInstantiator.setDomains(ConfigInstantiator.java:72)
	at properties.ConfigInstantiator.setBaseUrls(ConfigInstantiator.java:61)
	at properties.ConfigInstantiator.setDomains(ConfigInstantiator.java:72)
	at properties.ConfigInstantiator.setBaseUrls(ConfigInstantiator.java:61)
	at properties.ConfigInstantiator.setDomains(ConfigInstantiator.java:72)
	at properties.ConfigInstantiator.setBaseUrls(ConfigInstantiator.java:61)
	at properties.ConfigInstantiator.setDomains(ConfigInstantiator.java:72)
	at properties.ConfigInstantiator.setBaseUrls(ConfigInstantiator.java:61)
	at properties.ConfigInstantiator.setDomains(ConfigInstantiator.java:72)
	at properties.ConfigInstantiator.setBaseUrls(ConfigInstantiator.java:61)
	at properties.ConfigInstantiator.setDomains(ConfigInstantiator.java:72)
	at properties.ConfigInstantiator.setBaseUrls(ConfigInstantiator.java:61)
	at properties.ConfigInstantiator.setDomains(ConfigInstantiator.java:72)
	at properties.ConfigInstantiator.setBaseUrls(ConfigInstantiator.java:61)
	at properties.ConfigInstantiator.setDomains(ConfigInstantiator.java:72)
	at properties.ConfigInstantiator.setBaseUrls(ConfigInstantiator.java:61)
	at properties.ConfigInstantiator.setDomains(ConfigInstantiator.java:72)
	at properties.ConfigInstantiator.setBaseUrls(ConfigInstantiator.java:61)
	at properties.ConfigInstantiator.setDomains(ConfigInstantiator.java:72)
	at properties.ConfigInstantiator.setBaseUrls(ConfigInstantiator.java:61)
	at properties.ConfigInstantiator.setDomains(ConfigInstantiator.java:72)
	at properties.ConfigInstantiator.setBaseUrls(ConfigInstantiator.java:61)
	at properties.ConfigInstantiator.setDomains(ConfigInstantiator.java:72)
	at properties.ConfigInstantiator.setBaseUrls(ConfigInstantiator.java:61)
	at properties.ConfigInstantiator.setDomains(ConfigInstantiator.java:72)
	at properties.ConfigInstantiator.setBaseUrls(ConfigInstantiator.java:61)
	at properties.ConfigInstantiator.setDomains(ConfigInstantiator.java:72)
	at properties.ConfigInstantiator.setBaseUrls(ConfigInstantiator.java:61)
	at properties.ConfigInstantiator.setDomains(ConfigInstantiator.java:72)
	at properties.ConfigInstantiator.setBaseUrls(ConfigInstantiator.java:61)
	at properties.ConfigInstantiator.setDomains(ConfigInstantiator.java:72)
	at properties.ConfigInstantiator.setBaseUrls(ConfigInstantiator.java:61)
	at properties.ConfigInstantiator.setDomains(ConfigInstantiator.java:72)
	at properties.ConfigInstantiator.setBaseUrls(ConfigInstantiator.java:61)
	at properties.ConfigInstantiator.setDomains(ConfigInstantiator.java:72)
	at properties.ConfigInstantiator.setBaseUrls(ConfigInstantiator.java:61)
	at properties.ConfigInstantiator.setDomains(ConfigInstantiator.java:72)
	at properties.ConfigInstantiator.setBaseUrls(ConfigInstantiator.java:61)
	at properties.ConfigInstantiator.setDomains(ConfigInstantiator.java:72)
	at properties.ConfigInstantiator.setBaseUrls(ConfigInstantiator.java:61)
	at properties.ConfigInstantiator.setDomains(ConfigInstantiator.java:72)
	at properties.ConfigInstantiator.setBaseUrls(ConfigInstantiator.java:61)
	at properties.ConfigInstantiator.setDomains(ConfigInstantiator.java:72)
	at properties.ConfigInstantiator.setBaseUrls(ConfigInstantiator.java:61)
	at properties.ConfigInstantiator.setDomains(ConfigInstantiator.java:72)
	at properties.ConfigInstantiator.setBaseUrls(ConfigInstantiator.java:61)
	at properties.ConfigInstantiator.setDomains(ConfigInstantiator.java:72)
	at properties.ConfigInstantiator.setBaseUrls(ConfigInstantiator.java:61)
	at properties.ConfigInstantiator.setDomains(ConfigInstantiator.java:72)
	at properties.ConfigInstantiator.setBaseUrls(ConfigInstantiator.java:61)
	at properties.ConfigInstantiator.setDomains(ConfigInstantiator.java:72)
	at properties.ConfigInstantiator.setBaseUrls(ConfigInstantiator.java:61)
	at properties.ConfigInstantiator.setDomains(ConfigInstantiator.java:72)
	at properties.ConfigInstantiator.setBaseUrls(ConfigInstantiator.java:61)
	at properties.ConfigInstantiator.setDomains(ConfigInstantiator.java:72)
	at properties.ConfigInstantiator.setBaseUrls(ConfigInstantiator.java:61)
	at properties.ConfigInstantiator.setDomains(ConfigInstantiator.java:72)
	at properties.ConfigInstantiator.setBaseUrls(ConfigInstantiator.java:61)
	at properties.ConfigInstantiator.setDomains(ConfigInstantiator.java:72)
	at properties.ConfigInstantiator.setBaseUrls(ConfigInstantiator.java:61)
	at properties.ConfigInstantiator.setDomains(ConfigInstantiator.java:72)
	at properties.ConfigInstantiator.setBaseUrls(ConfigInstantiator.java:61)
	at properties.ConfigInstantiator.setDomains(ConfigInstantiator.java:72)
	at properties.ConfigInstantiator.setBaseUrls(ConfigInstantiator.java:61)
	at properties.ConfigInstantiator.setDomains(ConfigInstantiator.java:72)
	at properties.ConfigInstantiator.setBaseUrls(ConfigInstantiator.java:61)
	at properties.ConfigInstantiator.setDomains(ConfigInstantiator.java:72)
	at properties.ConfigInstantiator.setBaseUrls(ConfigInstantiator.java:61)
	at properties.ConfigInstantiator.setDomains(ConfigInstantiator.java:72)
	at properties.ConfigInstantiator.setBaseUrls(ConfigInstantiator.java:61)
	at properties.ConfigInstantiator.setDomains(ConfigInstantiator.java:72)
	at properties.ConfigInstantiator.setBaseUrls(ConfigInstantiator.java:61)
	at properties.ConfigInstantiator.setDomains(ConfigInstantiator.java:72)
	at properties.ConfigInstantiator.setBaseUrls(ConfigInstantiator.java:61)
	at properties.ConfigInstantiator.setDomains(ConfigInstantiator.java:72)
	at properties.ConfigInstantiator.setBaseUrls(ConfigInstantiator.java:61)
	at properties.ConfigInstantiator.setDomains(ConfigInstantiator.java:72)
	at properties.ConfigInstantiator.setBaseUrls(ConfigInstantiator.java:61)
	at properties.ConfigInstantiator.setDomains(ConfigInstantiator.java:72)
	at properties.ConfigInstantiator.setBaseUrls(ConfigInstantiator.java:61)
	at properties.ConfigInstantiator.setDomains(ConfigInstantiator.java:72)
	at properties.ConfigInstantiator.setBaseUrls(ConfigInstantiator.java:61)
	at properties.ConfigInstantiator.setDomains(ConfigInstantiator.java:72)
	at properties.ConfigInstantiator.setBaseUrls(ConfigInstantiator.java:61)
	at properties.ConfigInstantiator.setDomains(ConfigInstantiator.java:72)
	at properties.ConfigInstantiator.setBaseUrls(ConfigInstantiator.java:61)
	at properties.ConfigInstantiator.setDomains(ConfigInstantiator.java:72)
	at properties.ConfigInstantiator.setBaseUrls(ConfigInstantiator.java:61)
	at properties.ConfigInstantiator.setDomains(ConfigInstantiator.java:72)
	at properties.ConfigInstantiator.setBaseUrls(ConfigInstantiator.java:61)
	at properties.ConfigInstantiator.setDomains(ConfigInstantiator.java:72)
	at properties.ConfigInstantiator.setBaseUrls(ConfigInstantiator.java:61)
	at properties.ConfigInstantiator.setDomains(ConfigInstantiator.java:72)
	at properties.ConfigInstantiator.setBaseUrls(ConfigInstantiator.java:61)
	at properties.ConfigInstantiator.setDomains(ConfigInstantiator.java:72)
	at properties.ConfigInstantiator.setBaseUrls(ConfigInstantiator.java:61)
	at properties.ConfigInstantiator.setDomains(ConfigInstantiator.java:72)
	at properties.ConfigInstantiator.setBaseUrls(ConfigInstantiator.java:61)
	at properties.ConfigInstantiator.setDomains(ConfigInstantiator.java:72)
	at properties.ConfigInstantiator.setBaseUrls(ConfigInstantiator.java:61)
	at properties.ConfigInstantiator.setDomains(ConfigInstantiator.java:72)
	at properties.ConfigInstantiator.setBaseUrls(ConfigInstantiator.java:61)
	at properties.ConfigInstantiator.setDomains(ConfigInstantiator.java:72)
	at properties.ConfigInstantiator.setBaseUrls(ConfigInstantiator.java:61)
	at properties.ConfigInstantiator.setDomains(ConfigInstantiator.java:72)
	at properties.ConfigInstantiator.setBaseUrls(ConfigInstantiator.java:61)
	at properties.ConfigInstantiator.setDomains(ConfigInstantiator.java:72)
	at properties.ConfigInstantiator.setBaseUrls(ConfigInstantiator.java:61)
	at properties.ConfigInstantiator.setDomains(ConfigInstantiator.java:72)
	at properties.ConfigInstantiator.setBaseUrls(ConfigInstantiator.java:61)
	at properties.ConfigInstantiator.setDomains(ConfigInstantiator.java:72)
	at properties.ConfigInstantiator.setBaseUrls(ConfigInstantiator.java:61)
	at properties.ConfigInstantiator.setDomains(ConfigInstantiator.java:72)
	at properties.ConfigInstantiator.setBaseUrls(ConfigInstantiator.java:61)
	at properties.ConfigInstantiator.setDomains(ConfigInstantiator.java:72)
	at properties.ConfigInstantiator.setBaseUrls(ConfigInstantiator.java:61)
	at properties.ConfigInstantiator.setDomains(ConfigInstantiator.java:72)
	at properties.ConfigInstantiator.setBaseUrls(ConfigInstantiator.java:61)
	at properties.ConfigInstantiator.setDomains(ConfigInstantiator.java:72)
	at properties.ConfigInstantiator.setBaseUrls(ConfigInstantiator.java:61)
	at properties.ConfigInstantiator.setDomains(ConfigInstantiator.java:72)
	at properties.ConfigInstantiator.setBaseUrls(ConfigInstantiator.java:61)
	at properties.ConfigInstantiator.setDomains(ConfigInstantiator.java:72)
	at properties.ConfigInstantiator.setBaseUrls(ConfigInstantiator.java:61)
	at properties.ConfigInstantiator.setDomains(ConfigInstantiator.java:72)
	at properties.ConfigInstantiator.setBaseUrls(ConfigInstantiator.java:61)
	at properties.ConfigInstantiator.setDomains(ConfigInstantiator.java:72)
	at properties.ConfigInstantiator.setBaseUrls(ConfigInstantiator.java:61)
	at properties.ConfigInstantiator.setDomains(ConfigInstantiator.java:72)
	at properties.ConfigInstantiator.setBaseUrls(ConfigInstantiator.java:61)
	at properties.ConfigInstantiator.setDomains(ConfigInstantiator.java:72)
	at properties.ConfigInstantiator.setBaseUrls(ConfigInstantiator.java:61)
	at properties.ConfigInstantiator.setDomains(ConfigInstantiator.java:72)
	at properties.ConfigInstantiator.setBaseUrls(ConfigInstantiator.java:61)
	at properties.ConfigInstantiator.setDomains(ConfigInstantiator.java:72)
	at properties.ConfigInstantiator.setBaseUrls(ConfigInstantiator.java:61)
	at properties.ConfigInstantiator.setDomains(ConfigInstantiator.java:72)
	at properties.ConfigInstantiator.setBaseUrls(ConfigInstantiator.java:61)
	at properties.ConfigInstantiator.setDomains(ConfigInstantiator.java:72)
	at properties.ConfigInstantiator.setBaseUrls(ConfigInstantiator.java:61)
	at properties.ConfigInstantiator.setDomains(ConfigInstantiator.java:72)
	at properties.ConfigInstantiator.setBaseUrls(ConfigInstantiator.java:61)
	at properties.ConfigInstantiator.setDomains(ConfigInstantiator.java:72)
	at properties.ConfigInstantiator.setBaseUrls(ConfigInstantiator.java:61)
	at properties.ConfigInstantiator.setDomains(ConfigInstantiator.java:72)
	at properties.ConfigInstantiator.setBaseUrls(ConfigInstantiator.java:61)
	at properties.ConfigInstantiator.setDomains(ConfigInstantiator.java:72)
	at properties.ConfigInstantiator.setBaseUrls(ConfigInstantiator.java:61)
	at properties.ConfigInstantiator.setDomains(ConfigInstantiator.java:72)
	at properties.ConfigInstantiator.setBaseUrls(ConfigInstantiator.java:61)
	at properties.ConfigInstantiator.setDomains(ConfigInstantiator.java:72)
	at properties.ConfigInstantiator.setBaseUrls(ConfigInstantiator.java:61)
	at properties.ConfigInstantiator.setDomains(ConfigInstantiator.java:72)
	at properties.ConfigInstantiator.setBaseUrls(ConfigInstantiator.java:61)
	at properties.ConfigInstantiator.setDomains(ConfigInstantiator.java:72)
	at properties.ConfigInstantiator.setBaseUrls(ConfigInstantiator.java:61)
	at properties.ConfigInstantiator.setDomains(ConfigInstantiator.java:72)
	at properties.ConfigInstantiator.setBaseUrls(ConfigInstantiator.java:61)
	at properties.ConfigInstantiator.setDomains(ConfigInstantiator.java:72)
	at properties.ConfigInstantiator.setBaseUrls(ConfigInstantiator.java:61)
	at properties.ConfigInstantiator.setDomains(ConfigInstantiator.java:72)
	at properties.ConfigInstantiator.setBaseUrls(ConfigInstantiator.java:61)
	at properties.ConfigInstantiator.setDomains(ConfigInstantiator.java:72)
	at properties.ConfigInstantiator.setBaseUrls(ConfigInstantiator.java:61)
	at properties.ConfigInstantiator.setDomains(ConfigInstantiator.java:72)
	at properties.ConfigInstantiator.setBaseUrls(ConfigInstantiator.java:61)
	at properties.ConfigInstantiator.setDomains(ConfigInstantiator.java:72)
	at properties.ConfigInstantiator.setBaseUrls(ConfigInstantiator.java:61)
	at properties.ConfigInstantiator.setDomains(ConfigInstantiator.java:72)
	at properties.ConfigInstantiator.setBaseUrls(ConfigInstantiator.java:61)
	at properties.ConfigInstantiator.setDomains(ConfigInstantiator.java:72)
	at properties.ConfigInstantiator.setBaseUrls(ConfigInstantiator.java:61)
	at properties.ConfigInstantiator.setDomains(ConfigInstantiator.java:72)
	at properties.ConfigInstantiator.setBaseUrls(ConfigInstantiator.java:61)
	at properties.ConfigInstantiator.setDomains(ConfigInstantiator.java:72)
	at properties.ConfigInstantiator.setBaseUrls(ConfigInstantiator.java:61)
	at properties.ConfigInstantiator.setDomains(ConfigInstantiator.java:72)
	at properties.ConfigInstantiator.setBaseUrls(ConfigInstantiator.java:61)
	at properties.ConfigInstantiator.setDomains(ConfigInstantiator.java:72)
	at properties.ConfigInstantiator.setBaseUrls(ConfigInstantiator.java:61)
	at properties.ConfigInstantiator.setDomains(ConfigInstantiator.java:72)
	at properties.ConfigInstantiator.setBaseUrls(ConfigInstantiator.java:61)
	at properties.ConfigInstantiator.setDomains(ConfigInstantiator.java:72)
	at properties.ConfigInstantiator.setBaseUrls(ConfigInstantiator.java:61)
	at properties.ConfigInstantiator.setDomains(ConfigInstantiator.java:72)
	at properties.ConfigInstantiator.setBaseUrls(ConfigInstantiator.java:61)
	at properties.ConfigInstantiator.setDomains(ConfigInstantiator.java:72)
	at properties.ConfigInstantiator.setBaseUrls(ConfigInstantiator.java:61)
	at properties.ConfigInstantiator.setDomains(ConfigInstantiator.java:72)
	at properties.ConfigInstantiator.setBaseUrls(ConfigInstantiator.java:61)
	at properties.ConfigInstantiator.setDomains(ConfigInstantiator.java:72)
	at properties.ConfigInstantiator.setBaseUrls(ConfigInstantiator.java:61)
	at properties.ConfigInstantiator.setDomains(ConfigInstantiator.java:72)
	at properties.ConfigInstantiator.setBaseUrls(ConfigInstantiator.java:61)
	at properties.ConfigInstantiator.setDomains(ConfigInstantiator.java:72)
	at properties.ConfigInstantiator.setBaseUrls(ConfigInstantiator.java:61)
	at properties.ConfigInstantiator.setDomains(ConfigInstantiator.java:72)
	at properties.ConfigInstantiator.setBaseUrls(ConfigInstantiator.java:61)
	at properties.ConfigInstantiator.setDomains(ConfigInstantiator.java:72)
	at properties.ConfigInstantiator.setBaseUrls(ConfigInstantiator.java:61)
	at properties.ConfigInstantiator.setDomains(ConfigInstantiator.java:72)
	at properties.ConfigInstantiator.setBaseUrls(ConfigInstantiator.java:61)
	at properties.ConfigInstantiator.setDomains(ConfigInstantiator.java:72)
	at properties.ConfigInstantiator.setBaseUrls(ConfigInstantiator.java:61)
	at properties.ConfigInstantiator.setDomains(ConfigInstantiator.java:72)
	at properties.ConfigInstantiator.setBaseUrls(ConfigInstantiator.java:61)
	at properties.ConfigInstantiator.setDomains(ConfigInstantiator.java:72)
	at properties.ConfigInstantiator.setBaseUrls(ConfigInstantiator.java:61)
	at properties.ConfigInstantiator.setDomains(ConfigInstantiator.java:72)
	at properties.ConfigInstantiator.setBaseUrls(ConfigInstantiator.java:61)
	at properties.ConfigInstantiator.setDomains(ConfigInstantiator.java:72)
	at properties.ConfigInstantiator.setBaseUrls(ConfigInstantiator.java:61)
	at properties.ConfigInstantiator.setDomains(ConfigInstantiator.java:72)
	at properties.ConfigInstantiator.setBaseUrls(ConfigInstantiator.java:61)
	at properties.ConfigInstantiator.setDomains(ConfigInstantiator.java:72)
	at properties.ConfigInstantiator.setBaseUrls(ConfigInstantiator.java:61)
	at properties.ConfigInstantiator.setDomains(ConfigInstantiator.java:72)
	at properties.ConfigInstantiator.setBaseUrls(ConfigInstantiator.java:61)
	at properties.ConfigInstantiator.setDomains(ConfigInstantiator.java:72)
	at properties.ConfigInstantiator.setBaseUrls(ConfigInstantiator.java:61)
	at properties.ConfigInstantiator.setDomains(ConfigInstantiator.java:72)
	at properties.ConfigInstantiator.setBaseUrls(ConfigInstantiator.java:61)
	at properties.ConfigInstantiator.setDomains(ConfigInstantiator.java:72)
	at properties.ConfigInstantiator.setBaseUrls(ConfigInstantiator.java:61)
	at properties.ConfigInstantiator.setDomains(ConfigInstantiator.java:72)
	at properties.ConfigInstantiator.setBaseUrls(ConfigInstantiator.java:61)
	at properties.ConfigInstantiator.setDomains(ConfigInstantiator.java:72)
	at properties.ConfigInstantiator.setBaseUrls(ConfigInstantiator.java:61)
	at properties.ConfigInstantiator.setDomains(ConfigInstantiator.java:72)
	at properties.ConfigInstantiator.setBaseUrls(ConfigInstantiator.java:61)
	at properties.ConfigInstantiator.setDomains(ConfigInstantiator.java:72)
	at properties.ConfigInstantiator.setBaseUrls(ConfigInstantiator.java:61)
	at properties.ConfigInstantiator.setDomains(ConfigInstantiator.java:72)
	at properties.ConfigInstantiator.setBaseUrls(ConfigInstantiator.java:61)
	at properties.ConfigInstantiator.setDomains(ConfigInstantiator.java:72)
	at properties.ConfigInstantiator.setBaseUrls(ConfigInstantiator.java:61)
	at properties.ConfigInstantiator.setDomains(ConfigInstantiator.java:72)
	at properties.ConfigInstantiator.setBaseUrls(ConfigInstantiator.java:61)
	at properties.ConfigInstantiator.setDomains(ConfigInstantiator.java:72)
	at properties.ConfigInstantiator.setBaseUrls(ConfigInstantiator.java:61)
	at properties.ConfigInstantiator.setDomains(ConfigInstantiator.java:72)
	at properties.ConfigInstantiator.setBaseUrls(ConfigInstantiator.java:61)
	at properties.ConfigInstantiator.setDomains(ConfigInstantiator.java:72)
	at properties.ConfigInstantiator.setBaseUrls(ConfigInstantiator.java:61)
	at properties.ConfigInstantiator.setDomains(ConfigInstantiator.java:72)
	at properties.ConfigInstantiator.setBaseUrls(ConfigInstantiator.java:61)
	at properties.ConfigInstantiator.setDomains(ConfigInstantiator.java:72)
	at properties.ConfigInstantiator.setBaseUrls(ConfigInstantiator.java:61)
	at properties.ConfigInstantiator.setDomains(ConfigInstantiator.java:72)
	at properties.ConfigInstantiator.setBaseUrls(ConfigInstantiator.java:61)
	at properties.ConfigInstantiator.setDomains(ConfigInstantiator.java:72)
	at properties.ConfigInstantiator.setBaseUrls(ConfigInstantiator.java:61)
	at properties.ConfigInstantiator.setDomains(ConfigInstantiator.java:72)
	at properties.ConfigInstantiator.setBaseUrls(ConfigInstantiator.java:61)
	at properties.ConfigInstantiator.setDomains(ConfigInstantiator.java:72)
	at properties.ConfigInstantiator.setBaseUrls(ConfigInstantiator.java:61)
	at properties.ConfigInstantiator.setDomains(ConfigInstantiator.java:72)
	at properties.ConfigInstantiator.setBaseUrls(ConfigInstantiator.java:61)
	at properties.ConfigInstantiator.setDomains(ConfigInstantiator.java:72)
	at properties.ConfigInstantiator.setBaseUrls(ConfigInstantiator.java:61)
	at properties.ConfigInstantiator.setDomains(ConfigInstantiator.java:72)
	at properties.ConfigInstantiator.setBaseUrls(ConfigInstantiator.java:61)
	at properties.ConfigInstantiator.setDomains(ConfigInstantiator.java:72)
	at properties.ConfigInstantiator.setBaseUrls(ConfigInstantiator.java:61)
	at properties.ConfigInstantiator.setDomains(ConfigInstantiator.java:72)
	at properties.ConfigInstantiator.setBaseUrls(ConfigInstantiator.java:61)
	at properties.ConfigInstantiator.setDomains(ConfigInstantiator.java:72)
	at properties.ConfigInstantiator.setBaseUrls(ConfigInstantiator.java:61)
	at properties.ConfigInstantiator.setDomains(ConfigInstantiator.java:72)
	at properties.ConfigInstantiator.setBaseUrls(ConfigInstantiator.java:61)
	at properties.ConfigInstantiator.setDomains(ConfigInstantiator.java:72)
	at properties.ConfigInstantiator.setBaseUrls(ConfigInstantiator.java:61)
	at properties.ConfigInstantiator.setDomains(ConfigInstantiator.java:72)
	at properties.ConfigInstantiator.setBaseUrls(ConfigInstantiator.java:61)
	at properties.ConfigInstantiator.setDomains(ConfigInstantiator.java:72)
	at properties.ConfigInstantiator.setBaseUrls(ConfigInstantiator.java:61)
	at properties.ConfigInstantiator.setDomains(ConfigInstantiator.java:72)
	at properties.ConfigInstantiator.setBaseUrls(ConfigInstantiator.java:61)
	at properties.ConfigInstantiator.setDomains(ConfigInstantiator.java:72)
	at properties.ConfigInstantiator.setBaseUrls(ConfigInstantiator.java:61)
	at properties.ConfigInstantiator.setDomains(ConfigInstantiator.java:72)
	at properties.ConfigInstantiator.setBaseUrls(ConfigInstantiator.java:61)
	at properties.ConfigInstantiator.setDomains(ConfigInstantiator.java:72)
	at properties.ConfigInstantiator.setBaseUrls(ConfigInstantiator.java:61)
	at properties.ConfigInstantiator.setDomains(ConfigInstantiator.java:72)
	at properties.ConfigInstantiator.setBaseUrls(ConfigInstantiator.java:61)
	at properties.ConfigInstantiator.setDomains(ConfigInstantiator.java:72)
	at properties.ConfigInstantiator.setBaseUrls(ConfigInstantiator.java:61)
	at properties.ConfigInstantiator.setDomains(ConfigInstantiator.java:72)
	at properties.ConfigInstantiator.setBaseUrls(ConfigInstantiator.java:61)
	at properties.ConfigInstantiator.setDomains(ConfigInstantiator.java:72)
	at properties.ConfigInstantiator.setBaseUrls(ConfigInstantiator.java:61)
	at properties.ConfigInstantiator.setDomains(ConfigInstantiator.java:72)
	at properties.ConfigInstantiator.setBaseUrls(ConfigInstantiator.java:61)
	at properties.ConfigInstantiator.setDomains(ConfigInstantiator.java:72)
	at properties.ConfigInstantiator.setBaseUrls(ConfigInstantiator.java:61)
	at properties.ConfigInstantiator.setDomains(ConfigInstantiator.java:72)
	at properties.ConfigInstantiator.setBaseUrls(ConfigInstantiator.java:61)
	at properties.ConfigInstantiator.setDomains(ConfigInstantiator.java:72)
	at properties.ConfigInstantiator.setBaseUrls(ConfigInstantiator.java:61)
	at properties.ConfigInstantiator.setDomains(ConfigInstantiator.java:72)
	at properties.ConfigInstantiator.setBaseUrls(ConfigInstantiator.java:61)
	at properties.ConfigInstantiator.setDomains(ConfigInstantiator.java:72)
	at properties.ConfigInstantiator.setBaseUrls(ConfigInstantiator.java:61)
	at properties.ConfigInstantiator.setDomains(ConfigInstantiator.java:72)
	at properties.ConfigInstantiator.setBaseUrls(ConfigInstantiator.java:61)
	at properties.ConfigInstantiator.setDomains(ConfigInstantiator.java:72)
	at properties.ConfigInstantiator.setBaseUrls(ConfigInstantiator.java:61)
	at properties.ConfigInstantiator.setDomains(ConfigInstantiator.java:72)
	at properties.ConfigInstantiator.setBaseUrls(ConfigInstantiator.java:61)
	at properties.ConfigInstantiator.setDomains(ConfigInstantiator.java:72)
	at properties.ConfigInstantiator.setBaseUrls(ConfigInstantiator.java:61)
	at properties.ConfigInstantiator.setDomains(ConfigInstantiator.java:72)
	at properties.ConfigInstantiator.setBaseUrls(ConfigInstantiator.java:61)
	at properties.ConfigInstantiator.setDomains(ConfigInstantiator.java:72)
	at properties.ConfigInstantiator.setBaseUrls(ConfigInstantiator.java:61)
	at properties.ConfigInstantiator.setDomains(ConfigInstantiator.java:72)
	at properties.ConfigInstantiator.setBaseUrls(ConfigInstantiator.java:61)
	at properties.ConfigInstantiator.setDomains(ConfigInstantiator.java:72)
	at properties.ConfigInstantiator.setBaseUrls(ConfigInstantiator.java:61)
	at properties.ConfigInstantiator.setDomains(ConfigInstantiator.java:72)
	at properties.ConfigInstantiator.setBaseUrls(ConfigInstantiator.java:61)
	at properties.ConfigInstantiator.setDomains(ConfigInstantiator.java:72)
	at properties.ConfigInstantiator.setBaseUrls(ConfigInstantiator.java:61)
	at properties.ConfigInstantiator.setDomains(ConfigInstantiator.java:72)
	at properties.ConfigInstantiator.setBaseUrls(ConfigInstantiator.java:61)
	at properties.ConfigInstantiator.setDomains(ConfigInstantiator.java:72)
	at properties.ConfigInstantiator.setBaseUrls(ConfigInstantiator.java:61)
	at properties.ConfigInstantiator.setDomains(ConfigInstantiator.java:72)
	at properties.ConfigInstantiator.setBaseUrls(ConfigInstantiator.java:61)
</failure>
  </testcase>
  <testcase name="beginIosVisit" classname="SessionTest" time="0.164">
    <failure message="java.lang.AssertionError: expected [true] but found [false]" type="java.lang.AssertionError">java.lang.AssertionError: expected [true] but found [false]
	at org.testng.Assert.fail(Assert.java:94)
	at org.testng.Assert.failNotEquals(Assert.java:496)
	at org.testng.Assert.assertEquals(Assert.java:125)
	at org.testng.Assert.assertEquals(Assert.java:288)
	at org.testng.Assert.assertEquals(Assert.java:298)
	at SessionTest.beginIosVisit(SessionTest.java:68)
	at sun.reflect.NativeMethodAccessorImpl.invoke0(Native Method)
	at sun.reflect.NativeMethodAccessorImpl.invoke(NativeMethodAccessorImpl.java:62)
	at sun.reflect.DelegatingMethodAccessorImpl.invoke(DelegatingMethodAccessorImpl.java:43)
	at java.lang.reflect.Method.invoke(Method.java:497)
	at org.testng.internal.MethodInvocationHelper.invokeMethod(MethodInvocationHelper.java:85)
	at org.testng.internal.Invoker.invokeMethod(Invoker.java:639)
	at org.testng.internal.Invoker.invokeTestMethod(Invoker.java:821)
	at org.testng.internal.Invoker.invokeTestMethods(Invoker.java:1131)
	at org.testng.internal.TestMethodWorker.invokeTestMethods(TestMethodWorker.java:124)
	at org.testng.internal.TestMethodWorker.run(TestMethodWorker.java:108)
	at org.testng.TestRunner.privateRun(TestRunner.java:773)
	at org.testng.TestRunner.run(TestRunner.java:623)
	at org.testng.SuiteRunner.runTest(SuiteRunner.java:357)
	at org.testng.SuiteRunner.runSequentially(SuiteRunner.java:352)
	at org.testng.SuiteRunner.privateRun(SuiteRunner.java:310)
	at org.testng.SuiteRunner.run(SuiteRunner.java:259)
	at org.testng.SuiteRunnerWorker.runSuite(SuiteRunnerWorker.java:52)
	at org.testng.SuiteRunnerWorker.run(SuiteRunnerWorker.java:86)
	at org.testng.TestNG.runSuitesSequentially(TestNG.java:1185)
	at org.testng.TestNG.runSuitesLocally(TestNG.java:1110)
	at org.testng.TestNG.run(TestNG.java:1018)
	at org.gradle.api.internal.tasks.testing.testng.TestNGTestClassProcessor.runTests(TestNGTestClassProcessor.java:136)
	at org.gradle.api.internal.tasks.testing.testng.TestNGTestClassProcessor.stop(TestNGTestClassProcessor.java:80)
	at org.gradle.api.internal.tasks.testing.SuiteTestClassProcessor.stop(SuiteTestClassProcessor.java:59)
	at sun.reflect.NativeMethodAccessorImpl.invoke0(Native Method)
	at sun.reflect.NativeMethodAccessorImpl.invoke(NativeMethodAccessorImpl.java:62)
	at sun.reflect.DelegatingMethodAccessorImpl.invoke(DelegatingMethodAccessorImpl.java:43)
	at java.lang.reflect.Method.invoke(Method.java:497)
	at org.gradle.messaging.dispatch.ReflectionDispatch.dispatch(ReflectionDispatch.java:35)
	at org.gradle.messaging.dispatch.ReflectionDispatch.dispatch(ReflectionDispatch.java:24)
	at org.gradle.messaging.dispatch.ContextClassLoaderDispatch.dispatch(ContextClassLoaderDispatch.java:32)
	at org.gradle.messaging.dispatch.ProxyDispatchAdapter$DispatchingInvocationHandler.invoke(ProxyDispatchAdapter.java:93)
	at com.sun.proxy.$Proxy2.stop(Unknown Source)
	at org.gradle.api.internal.tasks.testing.worker.TestWorker.stop(TestWorker.java:116)
	at sun.reflect.NativeMethodAccessorImpl.invoke0(Native Method)
	at sun.reflect.NativeMethodAccessorImpl.invoke(NativeMethodAccessorImpl.java:62)
	at sun.reflect.DelegatingMethodAccessorImpl.invoke(DelegatingMethodAccessorImpl.java:43)
	at java.lang.reflect.Method.invoke(Method.java:497)
	at org.gradle.messaging.dispatch.ReflectionDispatch.dispatch(ReflectionDispatch.java:35)
	at org.gradle.messaging.dispatch.ReflectionDispatch.dispatch(ReflectionDispatch.java:24)
	at org.gradle.messaging.remote.internal.hub.MessageHub$Handler.run(MessageHub.java:360)
	at org.gradle.internal.concurrent.ExecutorPolicy$CatchAndRecordFailures.onExecute(ExecutorPolicy.java:54)
	at org.gradle.internal.concurrent.StoppableExecutorImpl$1.run(StoppableExecutorImpl.java:40)
	at java.util.concurrent.ThreadPoolExecutor.runWorker(ThreadPoolExecutor.java:1142)
	at java.util.concurrent.ThreadPoolExecutor$Worker.run(ThreadPoolExecutor.java:617)
	at java.lang.Thread.run(Thread.java:745)
</failure>
  </testcase>
  <testcase name="beginWebVisit" classname="SessionTest" time="0.134">
    <failure message="java.lang.AssertionError: expected [true] but found [false]" type="java.lang.AssertionError">java.lang.AssertionError: expected [true] but found [false]
	at org.testng.Assert.fail(Assert.java:94)
	at org.testng.Assert.failNotEquals(Assert.java:496)
	at org.testng.Assert.assertEquals(Assert.java:125)
	at org.testng.Assert.assertEquals(Assert.java:288)
	at org.testng.Assert.assertEquals(Assert.java:298)
	at SessionTest.beginWebVisit(SessionTest.java:76)
	at sun.reflect.NativeMethodAccessorImpl.invoke0(Native Method)
	at sun.reflect.NativeMethodAccessorImpl.invoke(NativeMethodAccessorImpl.java:62)
	at sun.reflect.DelegatingMethodAccessorImpl.invoke(DelegatingMethodAccessorImpl.java:43)
	at java.lang.reflect.Method.invoke(Method.java:497)
	at org.testng.internal.MethodInvocationHelper.invokeMethod(MethodInvocationHelper.java:85)
	at org.testng.internal.Invoker.invokeMethod(Invoker.java:639)
	at org.testng.internal.Invoker.invokeTestMethod(Invoker.java:821)
	at org.testng.internal.Invoker.invokeTestMethods(Invoker.java:1131)
	at org.testng.internal.TestMethodWorker.invokeTestMethods(TestMethodWorker.java:124)
	at org.testng.internal.TestMethodWorker.run(TestMethodWorker.java:108)
	at org.testng.TestRunner.privateRun(TestRunner.java:773)
	at org.testng.TestRunner.run(TestRunner.java:623)
	at org.testng.SuiteRunner.runTest(SuiteRunner.java:357)
	at org.testng.SuiteRunner.runSequentially(SuiteRunner.java:352)
	at org.testng.SuiteRunner.privateRun(SuiteRunner.java:310)
	at org.testng.SuiteRunner.run(SuiteRunner.java:259)
	at org.testng.SuiteRunnerWorker.runSuite(SuiteRunnerWorker.java:52)
	at org.testng.SuiteRunnerWorker.run(SuiteRunnerWorker.java:86)
	at org.testng.TestNG.runSuitesSequentially(TestNG.java:1185)
	at org.testng.TestNG.runSuitesLocally(TestNG.java:1110)
	at org.testng.TestNG.run(TestNG.java:1018)
	at org.gradle.api.internal.tasks.testing.testng.TestNGTestClassProcessor.runTests(TestNGTestClassProcessor.java:136)
	at org.gradle.api.internal.tasks.testing.testng.TestNGTestClassProcessor.stop(TestNGTestClassProcessor.java:80)
	at org.gradle.api.internal.tasks.testing.SuiteTestClassProcessor.stop(SuiteTestClassProcessor.java:59)
	at sun.reflect.NativeMethodAccessorImpl.invoke0(Native Method)
	at sun.reflect.NativeMethodAccessorImpl.invoke(NativeMethodAccessorImpl.java:62)
	at sun.reflect.DelegatingMethodAccessorImpl.invoke(DelegatingMethodAccessorImpl.java:43)
	at java.lang.reflect.Method.invoke(Method.java:497)
	at org.gradle.messaging.dispatch.ReflectionDispatch.dispatch(ReflectionDispatch.java:35)
	at org.gradle.messaging.dispatch.ReflectionDispatch.dispatch(ReflectionDispatch.java:24)
	at org.gradle.messaging.dispatch.ContextClassLoaderDispatch.dispatch(ContextClassLoaderDispatch.java:32)
	at org.gradle.messaging.dispatch.ProxyDispatchAdapter$DispatchingInvocationHandler.invoke(ProxyDispatchAdapter.java:93)
	at com.sun.proxy.$Proxy2.stop(Unknown Source)
	at org.gradle.api.internal.tasks.testing.worker.TestWorker.stop(TestWorker.java:116)
	at sun.reflect.NativeMethodAccessorImpl.invoke0(Native Method)
	at sun.reflect.NativeMethodAccessorImpl.invoke(NativeMethodAccessorImpl.java:62)
	at sun.reflect.DelegatingMethodAccessorImpl.invoke(DelegatingMethodAccessorImpl.java:43)
	at java.lang.reflect.Method.invoke(Method.java:497)
	at org.gradle.messaging.dispatch.ReflectionDispatch.dispatch(ReflectionDispatch.java:35)
	at org.gradle.messaging.dispatch.ReflectionDispatch.dispatch(ReflectionDispatch.java:24)
	at org.gradle.messaging.remote.internal.hub.MessageHub$Handler.run(MessageHub.java:360)
	at org.gradle.internal.concurrent.ExecutorPolicy$CatchAndRecordFailures.onExecute(ExecutorPolicy.java:54)
	at org.gradle.internal.concurrent.StoppableExecutorImpl$1.run(StoppableExecutorImpl.java:40)
	at java.util.concurrent.ThreadPoolExecutor.runWorker(ThreadPoolExecutor.java:1142)
	at java.util.concurrent.ThreadPoolExecutor$Worker.run(ThreadPoolExecutor.java:617)
	at java.lang.Thread.run(Thread.java:745)
</failure>
  </testcase>
  <system-out><![CDATA[]]></system-out>
  <system-err><![CDATA[SLF4J: Class path contains multiple SLF4J bindings.
SLF4J: Found binding in [jar:file:/Users/andrew/bin/gradle-2.6/lib/gradle-core-2.6.jar!/org/slf4j/impl/StaticLoggerBinder.class]
SLF4J: Found binding in [jar:file:/Users/andrew/.gradle/caches/modules-2/files-2.1/ch.qos.logback/logback-classic/0.9.26/42253815f22c35f3a9b9a34fd0feca62eec8c78e/logback-classic-0.9.26.jar!/org/slf4j/impl/StaticLoggerBinder.class]
SLF4J: See http://www.slf4j.org/codes.html#multiple_bindings for an explanation.
SLF4J: Actual binding is of type [org.gradle.logging.internal.slf4j.OutputEventListenerBackedLoggerContext]
<sendVisitRequest> Failed code: 500
<sendVisitRequest> Failed code: 500
]]></system-err>
</testsuite>
