<?xml version="1.0" encoding="UTF-8"?>
<testsuite name="VisitTest" tests="1" skipped="0" failures="0" errors="0" timestamp="2015-08-19T13:41:06" hostname="aramirez2-mac.local" time="0.155">
  <properties/>
  <testcase name="createVisit" classname="VisitTest" time="0.155"/>
  <system-out><![CDATA[]]></system-out>
  <system-err><![CDATA[]]></system-err>
</testsuite>
