<?xml version="1.0" encoding="UTF-8"?>
<testsuite name="VisitGenerator" tests="1" skipped="0" failures="0" errors="0" timestamp="2015-07-28T20:59:20" hostname="aramirez2-mac.local" time="69.688">
  <properties/>
  <testcase name="oneVisitPerSecond" classname="VisitGenerator" time="69.688"/>
  <system-out><![CDATA[]]></system-out>
  <system-err><![CDATA[]]></system-err>
</testsuite>
