<?xml version="1.0" encoding="UTF-8"?>
<testsuite name="SessionTest" tests="22" skipped="0" failures="0" errors="0" timestamp="2015-09-17T18:14:07" hostname="aramirez2-mac.lpnet.com" time="89.142">
  <properties/>
  <testcase name="beginChatAgentEnd[0](json.model.AppSettings@7c2a9cc8)" classname="SessionTest" time="9.268"/>
  <testcase name="beginChatAgentEnd[2](json.model.AppSettings@3582bee0)" classname="SessionTest" time="5.787"/>
  <testcase name="beginChatAgentEnd[4](json.model.AppSettings@7532a279)" classname="SessionTest" time="5.757"/>
  <testcase name="beginVisit[0](json.model.AppSettings@20c3238a)" classname="SessionTest" time="0.15"/>
  <testcase name="beginVisit[0](json.model.AppSettings@1ba2389f)" classname="SessionTest" time="0.164"/>
  <testcase name="beginVisit[2](json.model.AppSettings@5c9c4b23)" classname="SessionTest" time="0.221"/>
  <testcase name="beginVisit[4](json.model.AppSettings@7792423b)" classname="SessionTest" time="0.229"/>
  <testcase name="beginVisit[6](json.model.AppSettings@2224badd)" classname="SessionTest" time="0.263"/>
  <testcase name="beginVisit[8](json.model.AppSettings@edb3fc6)" classname="SessionTest" time="0.286"/>
  <testcase name="chatSendFeedback[0](json.model.AppSettings@1d9fb9c)" classname="SessionTest" time="3.462"/>
  <testcase name="chatSendFeedback[1](json.model.AppSettings@1bd476cd)" classname="SessionTest" time="3.503"/>
  <testcase name="chatSendFeedback[2](json.model.AppSettings@2866c496)" classname="SessionTest" time="3.392"/>
  <testcase name="continueVisit[0](json.model.AppSettings@1003750a)" classname="SessionTest" time="15.637"/>
  <testcase name="continueVisit[0](json.model.AppSettings@77c8ec1a)" classname="SessionTest" time="15.656"/>
  <testcase name="continueVisit[2](json.model.AppSettings@283643a)" classname="SessionTest" time="15.449"/>
  <testcase name="continueVisit[4](json.model.AppSettings@17f3e7cf)" classname="SessionTest" time="15.47"/>
  <testcase name="continueVisit[8](json.model.AppSettings@556a474c)" classname="SessionTest" time="15.654"/>
  <testcase name="continueVisit[6](json.model.AppSettings@79f750a1)" classname="SessionTest" time="15.706"/>
  <testcase name="sendCustomVars" classname="SessionTest" time="0.49"/>
  <testcase name="visitAdvisories[0](json.model.AppSettings@47e55d15)" classname="SessionTest" time="3.372"/>
  <testcase name="visitAdvisories[1](json.model.AppSettings@661fa0c1)" classname="SessionTest" time="3.298"/>
  <testcase name="visitAdvisories[2](json.model.AppSettings@2558fc04)" classname="SessionTest" time="3.329"/>
  <system-out><![CDATA[Invalid cookie header: "set-cookie: visitor_id=15115021730624; Version=1; Expires=Sat, 24-Aug-2115 18:14:08 GMT; Max-Age=3153600000; Path=/". Invalid max-age attribute: 3153600000
Invalid cookie header: "set-cookie: visitor_id=15115021730624; Version=1; Expires=Sat, 24-Aug-2115 18:14:08 GMT; Max-Age=3153600000; Path=/". Invalid max-age attribute: 3153600000
Invalid cookie header: "set-cookie: visitor_id=15115021730624; Version=1; Expires=Sat, 24-Aug-2115 18:14:09 GMT; Max-Age=3153600000; Path=/". Invalid max-age attribute: 3153600000
Invalid cookie header: "set-cookie: visitor_id=15115021730624; Version=1; Expires=Sat, 24-Aug-2115 18:14:09 GMT; Max-Age=3153600000; Path=/". Invalid max-age attribute: 3153600000
Invalid cookie header: "set-cookie: visitor_id=15115021730624; Version=1; Expires=Sat, 24-Aug-2115 18:14:10 GMT; Max-Age=3153600000; Path=/". Invalid max-age attribute: 3153600000
Invalid cookie header: "set-cookie: visitor_id=15115021730624; Version=1; Expires=Sat, 24-Aug-2115 18:14:10 GMT; Max-Age=3153600000; Path=/". Invalid max-age attribute: 3153600000
Invalid cookie header: "set-cookie: visitor_id=15115021730624; Version=1; Expires=Sat, 24-Aug-2115 18:14:11 GMT; Max-Age=3153600000; Path=/". Invalid max-age attribute: 3153600000
Invalid cookie header: "set-cookie: visitor_id=15115021730624; Version=1; Expires=Sat, 24-Aug-2115 18:14:11 GMT; Max-Age=3153600000; Path=/". Invalid max-age attribute: 3153600000
Invalid cookie header: "set-cookie: visitor_id=15115021730624; Version=1; Expires=Sat, 24-Aug-2115 18:14:12 GMT; Max-Age=3153600000; Path=/". Invalid max-age attribute: 3153600000
Invalid cookie header: "set-cookie: visitor_id=15115021730624; Version=1; Expires=Sat, 24-Aug-2115 18:14:12 GMT; Max-Age=3153600000; Path=/". Invalid max-age attribute: 3153600000
Invalid cookie header: "set-cookie: visitor_id=15115021730627; Version=1; Expires=Sat, 24-Aug-2115 18:14:20 GMT; Max-Age=3153600000; Path=/". Invalid max-age attribute: 3153600000
Invalid cookie header: "set-cookie: visitor_id=15115021730627; Version=1; Expires=Sat, 24-Aug-2115 18:14:20 GMT; Max-Age=3153600000; Path=/". Invalid max-age attribute: 3153600000
Invalid cookie header: "set-cookie: visitor_id=15115021730627; Version=1; Expires=Sat, 24-Aug-2115 18:14:21 GMT; Max-Age=3153600000; Path=/". Invalid max-age attribute: 3153600000
Invalid cookie header: "set-cookie: visitor_id=15115021730627; Version=1; Expires=Sat, 24-Aug-2115 18:14:21 GMT; Max-Age=3153600000; Path=/". Invalid max-age attribute: 3153600000
Invalid cookie header: "set-cookie: visitor_id=15115021730627; Version=1; Expires=Sat, 24-Aug-2115 18:14:21 GMT; Max-Age=3153600000; Path=/". Invalid max-age attribute: 3153600000
Invalid cookie header: "set-cookie: visitor_id=15115021730627; Version=1; Expires=Sat, 24-Aug-2115 18:14:22 GMT; Max-Age=3153600000; Path=/". Invalid max-age attribute: 3153600000
Invalid cookie header: "set-cookie: visitor_id=15115021730627; Version=1; Expires=Sat, 24-Aug-2115 18:14:22 GMT; Max-Age=3153600000; Path=/". Invalid max-age attribute: 3153600000
Invalid cookie header: "set-cookie: visitor_id=15115021730627; Version=1; Expires=Sat, 24-Aug-2115 18:14:23 GMT; Max-Age=3153600000; Path=/". Invalid max-age attribute: 3153600000
Invalid cookie header: "set-cookie: visitor_id=15115021730627; Version=1; Expires=Sat, 24-Aug-2115 18:14:23 GMT; Max-Age=3153600000; Path=/". Invalid max-age attribute: 3153600000
Invalid cookie header: "set-cookie: visitor_id=15115021730627; Version=1; Expires=Sat, 24-Aug-2115 18:14:24 GMT; Max-Age=3153600000; Path=/". Invalid max-age attribute: 3153600000
Invalid cookie header: "set-cookie: visitor_id=15115021730634; Version=1; Expires=Sat, 24-Aug-2115 18:14:28 GMT; Max-Age=3153600000; Path=/". Invalid max-age attribute: 3153600000
Invalid cookie header: "set-cookie: visitor_id=15115021730637; Version=1; Expires=Sat, 24-Aug-2115 18:14:35 GMT; Max-Age=3153600000; Path=/". Invalid max-age attribute: 3153600000
Invalid cookie header: "set-cookie: visitor_id=15115021730639; Version=1; Expires=Sat, 24-Aug-2115 18:14:51 GMT; Max-Age=3153600000; Path=/". Invalid max-age attribute: 3153600000
Invalid cookie header: "set-cookie: visitor_id=15115021730640; Version=1; Expires=Sat, 24-Aug-2115 18:14:51 GMT; Max-Age=3153600000; Path=/". Invalid max-age attribute: 3153600000
Invalid cookie header: "set-cookie: visitor_id=15115021730639; Version=1; Expires=Sat, 24-Aug-2115 18:14:51 GMT; Max-Age=3153600000; Path=/". Invalid max-age attribute: 3153600000
Invalid cookie header: "set-cookie: visitor_id=15115021730640; Version=1; Expires=Sat, 24-Aug-2115 18:14:51 GMT; Max-Age=3153600000; Path=/". Invalid max-age attribute: 3153600000
Invalid cookie header: "set-cookie: visitor_id=15115021730646; Version=1; Expires=Sat, 24-Aug-2115 18:15:22 GMT; Max-Age=3153600000; Path=/". Invalid max-age attribute: 3153600000
Invalid cookie header: "set-cookie: visitor_id=15115021730645; Version=1; Expires=Sat, 24-Aug-2115 18:15:22 GMT; Max-Age=3153600000; Path=/". Invalid max-age attribute: 3153600000
Invalid cookie header: "set-cookie: visitor_id=15115021730646; Version=1; Expires=Sat, 24-Aug-2115 18:15:22 GMT; Max-Age=3153600000; Path=/". Invalid max-age attribute: 3153600000
Invalid cookie header: "set-cookie: visitor_id=15115021730649; Version=1; Expires=Sat, 24-Aug-2115 18:15:26 GMT; Max-Age=3153600000; Path=/". Invalid max-age attribute: 3153600000
Invalid cookie header: "set-cookie: visitor_id=15115021730651; Version=1; Expires=Sat, 24-Aug-2115 18:15:32 GMT; Max-Age=3153600000; Path=/". Invalid max-age attribute: 3153600000
]]></system-out>
  <system-err><![CDATA[]]></system-err>
</testsuite>
