<?xml version="1.0" encoding="UTF-8"?>
<testsuite name="JsonGeneratorTest" tests="1" skipped="0" failures="0" errors="0" timestamp="2015-07-01T21:24:09" hostname="aramirez2-mac.local" time="0.001">
  <properties/>
  <testcase name="testIntroJson" classname="JsonGeneratorTest" time="0.001"/>
  <system-out><![CDATA[]]></system-out>
  <system-err><![CDATA[]]></system-err>
</testsuite>
