<?xml version="1.0" encoding="UTF-8"?>
<testsuite name="SessionTest" tests="22" skipped="0" failures="0" errors="0" timestamp="2015-09-18T19:45:28" hostname="aramirez2-mac.lpnet.com" time="85.918">
  <properties/>
  <testcase name="beginChatAgentEnd[0](json.model.AppSettings@4e7fa1d2)" classname="SessionTest" time="6.666"/>
  <testcase name="beginChatAgentEnd[2](json.model.AppSettings@60779664)" classname="SessionTest" time="5.605"/>
  <testcase name="beginChatAgentEnd[4](json.model.AppSettings@29a8572d)" classname="SessionTest" time="5.778"/>
  <testcase name="beginVisit[0](json.model.AppSettings@6ee8d03d)" classname="SessionTest" time="0.148"/>
  <testcase name="beginVisit[0](json.model.AppSettings@3100ff7e)" classname="SessionTest" time="0.152"/>
  <testcase name="beginVisit[4](json.model.AppSettings@4412734b)" classname="SessionTest" time="0.155"/>
  <testcase name="beginVisit[2](json.model.AppSettings@5db1c1a8)" classname="SessionTest" time="0.215"/>
  <testcase name="beginVisit[6](json.model.AppSettings@4d794e9e)" classname="SessionTest" time="0.182"/>
  <testcase name="beginVisit[8](json.model.AppSettings@32f1e19b)" classname="SessionTest" time="0.193"/>
  <testcase name="chatSendFeedback[0](json.model.AppSettings@1a501eb3)" classname="SessionTest" time="3.361"/>
  <testcase name="chatSendFeedback[1](json.model.AppSettings@75a76937)" classname="SessionTest" time="3.627"/>
  <testcase name="chatSendFeedback[2](json.model.AppSettings@61b8e75)" classname="SessionTest" time="3.521"/>
  <testcase name="continueVisit[0](json.model.AppSettings@4119c6f3)" classname="SessionTest" time="15.371"/>
  <testcase name="continueVisit[0](json.model.AppSettings@60ac99bd)" classname="SessionTest" time="15.382"/>
  <testcase name="continueVisit[2](json.model.AppSettings@1b10a1be)" classname="SessionTest" time="15.394"/>
  <testcase name="continueVisit[4](json.model.AppSettings@1de9acd7)" classname="SessionTest" time="15.45"/>
  <testcase name="continueVisit[6](json.model.AppSettings@527a8bcb)" classname="SessionTest" time="15.41"/>
  <testcase name="continueVisit[8](json.model.AppSettings@70e0d82)" classname="SessionTest" time="15.453"/>
  <testcase name="sendCustomVars" classname="SessionTest" time="0.459"/>
  <testcase name="visitAdvisories[0](json.model.AppSettings@4a66dcc9)" classname="SessionTest" time="3.256"/>
  <testcase name="visitAdvisories[1](json.model.AppSettings@7190cb36)" classname="SessionTest" time="3.294"/>
  <testcase name="visitAdvisories[2](json.model.AppSettings@7ffd6109)" classname="SessionTest" time="3.502"/>
  <system-out><![CDATA[Invalid cookie header: "set-cookie: visitor_id=15115021736835; Version=1; Expires=Sun, 25-Aug-2115 19:45:24 GMT; Max-Age=3153600000; Path=/". Invalid max-age attribute: 3153600000
Invalid cookie header: "set-cookie: visitor_id=15115021736835; Version=1; Expires=Sun, 25-Aug-2115 19:45:24 GMT; Max-Age=3153600000; Path=/". Invalid max-age attribute: 3153600000
Invalid cookie header: "set-cookie: visitor_id=15115021736835; Version=1; Expires=Sun, 25-Aug-2115 19:45:25 GMT; Max-Age=3153600000; Path=/". Invalid max-age attribute: 3153600000
Invalid cookie header: "set-cookie: visitor_id=15115021736835; Version=1; Expires=Sun, 25-Aug-2115 19:45:25 GMT; Max-Age=3153600000; Path=/". Invalid max-age attribute: 3153600000
Invalid cookie header: "set-cookie: visitor_id=15115021736835; Version=1; Expires=Sun, 25-Aug-2115 19:45:26 GMT; Max-Age=3153600000; Path=/". Invalid max-age attribute: 3153600000
Invalid cookie header: "set-cookie: visitor_id=15115021736835; Version=1; Expires=Sun, 25-Aug-2115 19:45:26 GMT; Max-Age=3153600000; Path=/". Invalid max-age attribute: 3153600000
Invalid cookie header: "set-cookie: visitor_id=15115021736835; Version=1; Expires=Sun, 25-Aug-2115 19:45:27 GMT; Max-Age=3153600000; Path=/". Invalid max-age attribute: 3153600000
Invalid cookie header: "set-cookie: visitor_id=15115021736835; Version=1; Expires=Sun, 25-Aug-2115 19:45:27 GMT; Max-Age=3153600000; Path=/". Invalid max-age attribute: 3153600000
Invalid cookie header: "set-cookie: visitor_id=15115021736835; Version=1; Expires=Sun, 25-Aug-2115 19:45:27 GMT; Max-Age=3153600000; Path=/". Invalid max-age attribute: 3153600000
Invalid cookie header: "set-cookie: visitor_id=15115021736835; Version=1; Expires=Sun, 25-Aug-2115 19:45:28 GMT; Max-Age=3153600000; Path=/". Invalid max-age attribute: 3153600000
Invalid cookie header: "set-cookie: visitor_id=15115021736837; Version=1; Expires=Sun, 25-Aug-2115 19:45:35 GMT; Max-Age=3153600000; Path=/". Invalid max-age attribute: 3153600000
Invalid cookie header: "set-cookie: visitor_id=15115021736837; Version=1; Expires=Sun, 25-Aug-2115 19:45:36 GMT; Max-Age=3153600000; Path=/". Invalid max-age attribute: 3153600000
Invalid cookie header: "set-cookie: visitor_id=15115021736837; Version=1; Expires=Sun, 25-Aug-2115 19:45:36 GMT; Max-Age=3153600000; Path=/". Invalid max-age attribute: 3153600000
Invalid cookie header: "set-cookie: visitor_id=15115021736837; Version=1; Expires=Sun, 25-Aug-2115 19:45:37 GMT; Max-Age=3153600000; Path=/". Invalid max-age attribute: 3153600000
Invalid cookie header: "set-cookie: visitor_id=15115021736837; Version=1; Expires=Sun, 25-Aug-2115 19:45:37 GMT; Max-Age=3153600000; Path=/". Invalid max-age attribute: 3153600000
Invalid cookie header: "set-cookie: visitor_id=15115021736837; Version=1; Expires=Sun, 25-Aug-2115 19:45:37 GMT; Max-Age=3153600000; Path=/". Invalid max-age attribute: 3153600000
Invalid cookie header: "set-cookie: visitor_id=15115021736837; Version=1; Expires=Sun, 25-Aug-2115 19:45:38 GMT; Max-Age=3153600000; Path=/". Invalid max-age attribute: 3153600000
Invalid cookie header: "set-cookie: visitor_id=15115021736837; Version=1; Expires=Sun, 25-Aug-2115 19:45:38 GMT; Max-Age=3153600000; Path=/". Invalid max-age attribute: 3153600000
Invalid cookie header: "set-cookie: visitor_id=15115021736837; Version=1; Expires=Sun, 25-Aug-2115 19:45:39 GMT; Max-Age=3153600000; Path=/". Invalid max-age attribute: 3153600000
Invalid cookie header: "set-cookie: visitor_id=15115021736837; Version=1; Expires=Sun, 25-Aug-2115 19:45:39 GMT; Max-Age=3153600000; Path=/". Invalid max-age attribute: 3153600000
Invalid cookie header: "set-cookie: visitor_id=15115021736844; Version=1; Expires=Sun, 25-Aug-2115 19:45:43 GMT; Max-Age=3153600000; Path=/". Invalid max-age attribute: 3153600000
Invalid cookie header: "set-cookie: visitor_id=15115021736846; Version=1; Expires=Sun, 25-Aug-2115 19:45:51 GMT; Max-Age=3153600000; Path=/". Invalid max-age attribute: 3153600000
Invalid cookie header: "set-cookie: visitor_id=15115021736847; Version=1; Expires=Sun, 25-Aug-2115 19:46:06 GMT; Max-Age=3153600000; Path=/". Invalid max-age attribute: 3153600000
Invalid cookie header: "set-cookie: visitor_id=15115021736848; Version=1; Expires=Sun, 25-Aug-2115 19:46:06 GMT; Max-Age=3153600000; Path=/". Invalid max-age attribute: 3153600000
Invalid cookie header: "set-cookie: visitor_id=15115021736847; Version=1; Expires=Sun, 25-Aug-2115 19:46:06 GMT; Max-Age=3153600000; Path=/". Invalid max-age attribute: 3153600000
Invalid cookie header: "set-cookie: visitor_id=15115021736848; Version=1; Expires=Sun, 25-Aug-2115 19:46:06 GMT; Max-Age=3153600000; Path=/". Invalid max-age attribute: 3153600000
Invalid cookie header: "set-cookie: visitor_id=15115021736854; Version=1; Expires=Sun, 25-Aug-2115 19:46:37 GMT; Max-Age=3153600000; Path=/". Invalid max-age attribute: 3153600000
Invalid cookie header: "set-cookie: visitor_id=15115021736855; Version=1; Expires=Sun, 25-Aug-2115 19:46:37 GMT; Max-Age=3153600000; Path=/". Invalid max-age attribute: 3153600000
Invalid cookie header: "set-cookie: visitor_id=15115021736854; Version=1; Expires=Sun, 25-Aug-2115 19:46:37 GMT; Max-Age=3153600000; Path=/". Invalid max-age attribute: 3153600000
Invalid cookie header: "set-cookie: visitor_id=15115021736857; Version=1; Expires=Sun, 25-Aug-2115 19:46:41 GMT; Max-Age=3153600000; Path=/". Invalid max-age attribute: 3153600000
Invalid cookie header: "set-cookie: visitor_id=15115021736859; Version=1; Expires=Sun, 25-Aug-2115 19:46:48 GMT; Max-Age=3153600000; Path=/". Invalid max-age attribute: 3153600000
]]></system-out>
  <system-err><![CDATA[]]></system-err>
</testsuite>
