<?xml version="1.0" encoding="UTF-8"?>
<testsuite name="ChatHandlerTest" tests="1" skipped="0" failures="0" errors="0" timestamp="2015-08-19T13:41:05" hostname="aramirez2-mac.local" time="1.534">
  <properties/>
  <testcase name="beginChatSendOutro" classname="ChatHandlerTest" time="1.534"/>
  <system-out><![CDATA[]]></system-out>
  <system-err><![CDATA[SLF4J: Class path contains multiple SLF4J bindings.
SLF4J: Found binding in [jar:file:/Users/andrew/.gradle/wrapper/dists/gradle-2.6-all/2j4sg4877lcsg31diboouhun8/gradle-2.6/lib/gradle-core-2.6.jar!/org/slf4j/impl/StaticLoggerBinder.class]
SLF4J: Found binding in [jar:file:/Users/andrew/.gradle/caches/modules-2/files-2.1/ch.qos.logback/logback-classic/0.9.26/42253815f22c35f3a9b9a34fd0feca62eec8c78e/logback-classic-0.9.26.jar!/org/slf4j/impl/StaticLoggerBinder.class]
SLF4J: See http://www.slf4j.org/codes.html#multiple_bindings for an explanation.
SLF4J: Actual binding is of type [org.gradle.logging.internal.slf4j.OutputEventListenerBackedLoggerContext]
]]></system-err>
</testsuite>
