<?xml version="1.0" encoding="UTF-8"?>
<testsuite name="SessionTest" tests="15" skipped="0" failures="0" errors="0" timestamp="2015-09-02T18:56:45" hostname="aramirez2-mac.lpnet.com" time="136.477">
  <properties/>
  <testcase name="beginChat[0](json.model.AppSettings@79f63f13)" classname="SessionTest" time="8.057"/>
  <testcase name="beginChat[1](json.model.AppSettings@52d475fd)" classname="SessionTest" time="7.988"/>
  <testcase name="beginChat[2](json.model.AppSettings@78c56a2b)" classname="SessionTest" time="8.129"/>
  <testcase name="beginVisit[0](json.model.AppSettings@4d3ffff8)" classname="SessionTest" time="0.212"/>
  <testcase name="beginVisit[1](json.model.AppSettings@141d8b0a)" classname="SessionTest" time="0.143"/>
  <testcase name="beginVisit[2](json.model.AppSettings@3cf15a15)" classname="SessionTest" time="0.18"/>
  <testcase name="chatSendFeedback[0](json.model.AppSettings@3796a718)" classname="SessionTest" time="3.717"/>
  <testcase name="chatSendFeedback[1](json.model.AppSettings@57962183)" classname="SessionTest" time="3.476"/>
  <testcase name="chatSendFeedback[2](json.model.AppSettings@2d264f72)" classname="SessionTest" time="3.489"/>
  <testcase name="continueVisit[0](json.model.AppSettings@7908a667)" classname="SessionTest" time="30.31"/>
  <testcase name="continueVisit[1](json.model.AppSettings@7861555e)" classname="SessionTest" time="30.306"/>
  <testcase name="continueVisit[2](json.model.AppSettings@5bdda48c)" classname="SessionTest" time="30.317"/>
  <testcase name="visitAdvisories[0](json.model.AppSettings@4c21fe4b)" classname="SessionTest" time="3.3"/>
  <testcase name="visitAdvisories[1](json.model.AppSettings@64bc95a8)" classname="SessionTest" time="3.374"/>
  <testcase name="visitAdvisories[2](json.model.AppSettings@2d1fdd79)" classname="SessionTest" time="3.475"/>
  <system-out><![CDATA[Invalid cookie header: "set-cookie: visitor_id=15115021612294; Version=1; Expires=Fri, 09-Aug-2115 18:57:12 GMT; Max-Age=3153600000; Path=/". Invalid max-age attribute: 3153600000
Invalid cookie header: "set-cookie: visitor_id=15115021612295; Version=1; Expires=Fri, 09-Aug-2115 18:57:15 GMT; Max-Age=3153600000; Path=/". Invalid max-age attribute: 3153600000
Invalid cookie header: "set-cookie: visitor_id=15115021612298; Version=1; Expires=Fri, 09-Aug-2115 18:58:16 GMT; Max-Age=3153600000; Path=/". Invalid max-age attribute: 3153600000
Invalid cookie header: "set-cookie: visitor_id=15115021612300; Version=1; Expires=Fri, 09-Aug-2115 18:58:47 GMT; Max-Age=3153600000; Path=/". Invalid max-age attribute: 3153600000
Invalid cookie header: "set-cookie: visitor_id=15115021612305; Version=1; Expires=Fri, 09-Aug-2115 18:58:53 GMT; Max-Age=3153600000; Path=/". Invalid max-age attribute: 3153600000
Invalid cookie header: "set-cookie: visitor_id=15115021612306; Version=1; Expires=Fri, 09-Aug-2115 18:58:57 GMT; Max-Age=3153600000; Path=/". Invalid max-age attribute: 3153600000
]]></system-out>
  <system-err><![CDATA[]]></system-err>
</testsuite>
