<?xml version="1.0" encoding="UTF-8"?>
<testsuite name="BrandingTest" tests="1" skipped="0" failures="0" errors="0" timestamp="2015-08-07T20:32:24" hostname="aramirez2-mac.local" time="0.051">
  <properties/>
  <testcase name="beginVisit" classname="BrandingTest" time="0.051"/>
  <system-out><![CDATA[]]></system-out>
  <system-err><![CDATA[]]></system-err>
</testsuite>
